用法：./loadData.sh dataPath tableName
说明：
dataPath：待加载数据目录
tableName：目标表名
load data from file:/jboss/test_data/data/split_data/clikchouse_10.txt_aa
9.555
load data/jboss/test_data/data/split_data/clikchouse_10.txt_aa finished, ret code:2,used 10 s.
load data from file:/jboss/test_data/data/split_data/clikchouse_10.txt_ab
13.897
load data/jboss/test_data/data/split_data/clikchouse_10.txt_ab finished, ret code:2,used 14 s.
load data from file:/jboss/test_data/data/split_data/clikchouse_10.txt_ac
11.635
load data/jboss/test_data/data/split_data/clikchouse_10.txt_ac finished, ret code:2,used 11 s.
load data from file:/jboss/test_data/data/split_data/clikchouse_10.txt_ad
14.160
load data/jboss/test_data/data/split_data/clikchouse_10.txt_ad finished, ret code:2,used 15 s.
load data from file:/jboss/test_data/data/split_data/clikchouse_10.txt_ae
10.977
load data/jboss/test_data/data/split_data/clikchouse_10.txt_ae finished, ret code:2,used 11 s.
load data from file:/jboss/test_data/data/split_data/clikchouse_10.txt_af
11.201
load data/jboss/test_data/data/split_data/clikchouse_10.txt_af finished, ret code:2,used 11 s.
load data from file:/jboss/test_data/data/split_data/clikchouse_10.txt_ag
13.410
load data/jboss/test_data/data/split_data/clikchouse_10.txt_ag finished, ret code:2,used 14 s.
load data from file:/jboss/test_data/data/split_data/clikchouse_10.txt_ah
12.020
load data/jboss/test_data/data/split_data/clikchouse_10.txt_ah finished, ret code:2,used 12 s.
load data from file:/jboss/test_data/data/split_data/clikchouse_10.txt_ai
11.807
load data/jboss/test_data/data/split_data/clikchouse_10.txt_ai finished, ret code:2,used 12 s.
load data from file:/jboss/test_data/data/split_data/clikchouse_10.txt_aj
14.422
load data/jboss/test_data/data/split_data/clikchouse_10.txt_aj finished, ret code:2,used 14 s.
load data from file:/jboss/test_data/data/split_data/clikchouse_10.txt_ak
10.636
load data/jboss/test_data/data/split_data/clikchouse_10.txt_ak finished, ret code:2,used 11 s.
load data from file:/jboss/test_data/data/split_data/clikchouse_10.txt_al
13.280
load data/jboss/test_data/data/split_data/clikchouse_10.txt_al finished, ret code:2,used 13 s.
load data from file:/jboss/test_data/data/split_data/clikchouse_10.txt_am
11.648
load data/jboss/test_data/data/split_data/clikchouse_10.txt_am finished, ret code:2,used 12 s.
load data from file:/jboss/test_data/data/split_data/clikchouse_10.txt_an
11.405
load data/jboss/test_data/data/split_data/clikchouse_10.txt_an finished, ret code:2,used 11 s.
load data from file:/jboss/test_data/data/split_data/clikchouse_10.txt_ao
14.433
load data/jboss/test_data/data/split_data/clikchouse_10.txt_ao finished, ret code:2,used 15 s.
load data from file:/jboss/test_data/data/split_data/clikchouse_10.txt_ap
11.072
load data/jboss/test_data/data/split_data/clikchouse_10.txt_ap finished, ret code:2,used 11 s.
load data from file:/jboss/test_data/data/split_data/clikchouse_10.txt_aq
13.614
load data/jboss/test_data/data/split_data/clikchouse_10.txt_aq finished, ret code:2,used 14 s.
load data from file:/jboss/test_data/data/split_data/clikchouse_10.txt_ar
11.003
load data/jboss/test_data/data/split_data/clikchouse_10.txt_ar finished, ret code:2,used 11 s.
load data from file:/jboss/test_data/data/split_data/clikchouse_10.txt_as
11.856
load data/jboss/test_data/data/split_data/clikchouse_10.txt_as finished, ret code:2,used 12 s.
load data from file:/jboss/test_data/data/split_data/clikchouse_10.txt_at
13.620
load data/jboss/test_data/data/split_data/clikchouse_10.txt_at finished, ret code:2,used 14 s.
load data from file:/jboss/test_data/data/split_data/clikchouse_10.txt_au
11.607
load data/jboss/test_data/data/split_data/clikchouse_10.txt_au finished, ret code:2,used 11 s.
load data from file:/jboss/test_data/data/split_data/clikchouse_10.txt_av
14.298
load data/jboss/test_data/data/split_data/clikchouse_10.txt_av finished, ret code:2,used 15 s.
load data from file:/jboss/test_data/data/split_data/clikchouse_10.txt_aw
11.327
load data/jboss/test_data/data/split_data/clikchouse_10.txt_aw finished, ret code:2,used 11 s.
load data from file:/jboss/test_data/data/split_data/clikchouse_10.txt_ax
11.543
load data/jboss/test_data/data/split_data/clikchouse_10.txt_ax finished, ret code:2,used 12 s.
load data from file:/jboss/test_data/data/split_data/clikchouse_10.txt_ay
13.712
load data/jboss/test_data/data/split_data/clikchouse_10.txt_ay finished, ret code:2,used 14 s.
load data from file:/jboss/test_data/data/split_data/clikchouse_10.txt_az
11.722
load data/jboss/test_data/data/split_data/clikchouse_10.txt_az finished, ret code:2,used 11 s.
load data from file:/jboss/test_data/data/split_data/clikchouse_10.txt_ba
12.355
load data/jboss/test_data/data/split_data/clikchouse_10.txt_ba finished, ret code:2,used 13 s.
load data from file:/jboss/test_data/data/split_data/clikchouse_10.txt_bb
12.766
load data/jboss/test_data/data/split_data/clikchouse_10.txt_bb finished, ret code:2,used 13 s.
load data from file:/jboss/test_data/data/split_data/clikchouse_10.txt_bc
12.138
load data/jboss/test_data/data/split_data/clikchouse_10.txt_bc finished, ret code:2,used 12 s.
load data from file:/jboss/test_data/data/split_data/clikchouse_10.txt_bd
13.924
load data/jboss/test_data/data/split_data/clikchouse_10.txt_bd finished, ret code:2,used 14 s.
load data from file:/jboss/test_data/data/split_data/clikchouse_10.txt_be
11.047
load data/jboss/test_data/data/split_data/clikchouse_10.txt_be finished, ret code:2,used 11 s.
load data from file:/jboss/test_data/data/split_data/clikchouse_10.txt_bf
11.625
load data/jboss/test_data/data/split_data/clikchouse_10.txt_bf finished, ret code:2,used 12 s.
load data from file:/jboss/test_data/data/split_data/clikchouse_10.txt_bg
13.566
load data/jboss/test_data/data/split_data/clikchouse_10.txt_bg finished, ret code:2,used 13 s.
load data from file:/jboss/test_data/data/split_data/clikchouse_10.txt_bh
11.431
load data/jboss/test_data/data/split_data/clikchouse_10.txt_bh finished, ret code:2,used 12 s.
load data from file:/jboss/test_data/data/split_data/clikchouse_10.txt_bi
11.482
load data/jboss/test_data/data/split_data/clikchouse_10.txt_bi finished, ret code:2,used 12 s.
load data from file:/jboss/test_data/data/split_data/clikchouse_10.txt_bj
13.460
load data/jboss/test_data/data/split_data/clikchouse_10.txt_bj finished, ret code:2,used 13 s.
load data from file:/jboss/test_data/data/split_data/clikchouse_10.txt_bk
12.368
load data/jboss/test_data/data/split_data/clikchouse_10.txt_bk finished, ret code:2,used 13 s.
load data from file:/jboss/test_data/data/split_data/clikchouse_10.txt_bl
16.811
load data/jboss/test_data/data/split_data/clikchouse_10.txt_bl finished, ret code:2,used 16 s.
load data from file:/jboss/test_data/data/split_data/clikchouse_10.txt_bm
10.612
load data/jboss/test_data/data/split_data/clikchouse_10.txt_bm finished, ret code:2,used 11 s.
load data from file:/jboss/test_data/data/split_data/clikchouse_10.txt_bn
11.679
load data/jboss/test_data/data/split_data/clikchouse_10.txt_bn finished, ret code:2,used 12 s.
load data from file:/jboss/test_data/data/split_data/clikchouse_10.txt_bo
23.585
load data/jboss/test_data/data/split_data/clikchouse_10.txt_bo finished, ret code:2,used 24 s.
load data from file:/jboss/test_data/data/split_data/clikchouse_10.txt_bp
10.039
load data/jboss/test_data/data/split_data/clikchouse_10.txt_bp finished, ret code:2,used 10 s.
load data from file:/jboss/test_data/data/split_data/clikchouse_10.txt_bq
10.312
load data/jboss/test_data/data/split_data/clikchouse_10.txt_bq finished, ret code:2,used 10 s.
load data from file:/jboss/test_data/data/split_data/clikchouse_10.txt_br
18.731
load data/jboss/test_data/data/split_data/clikchouse_10.txt_br finished, ret code:2,used 19 s.
load data from file:/jboss/test_data/data/split_data/clikchouse_10.txt_bs
9.715
load data/jboss/test_data/data/split_data/clikchouse_10.txt_bs finished, ret code:2,used 10 s.
load data from file:/jboss/test_data/data/split_data/clikchouse_10.txt_bt
30.786
load data/jboss/test_data/data/split_data/clikchouse_10.txt_bt finished, ret code:2,used 31 s.
load data from file:/jboss/test_data/data/split_data/clikchouse_10.txt_bu
10.045
load data/jboss/test_data/data/split_data/clikchouse_10.txt_bu finished, ret code:2,used 10 s.
load data from file:/jboss/test_data/data/split_data/clikchouse_10.txt_bv
21.023
load data/jboss/test_data/data/split_data/clikchouse_10.txt_bv finished, ret code:2,used 21 s.
load data from file:/jboss/test_data/data/split_data/clikchouse_10.txt_bw
15.005
load data/jboss/test_data/data/split_data/clikchouse_10.txt_bw finished, ret code:2,used 15 s.
load data from file:/jboss/test_data/data/split_data/clikchouse_10.txt_bx
10.537
load data/jboss/test_data/data/split_data/clikchouse_10.txt_bx finished, ret code:2,used 11 s.
load data from file:/jboss/test_data/data/split_data/clikchouse_6.txt_aa
9.229
load data/jboss/test_data/data/split_data/clikchouse_6.txt_aa finished, ret code:2,used 9 s.
load data from file:/jboss/test_data/data/split_data/clikchouse_6.txt_ab
14.102
load data/jboss/test_data/data/split_data/clikchouse_6.txt_ab finished, ret code:2,used 14 s.
load data from file:/jboss/test_data/data/split_data/clikchouse_6.txt_ac
9.918
load data/jboss/test_data/data/split_data/clikchouse_6.txt_ac finished, ret code:2,used 10 s.
load data from file:/jboss/test_data/data/split_data/clikchouse_6.txt_ad
14.918
load data/jboss/test_data/data/split_data/clikchouse_6.txt_ad finished, ret code:2,used 15 s.
load data from file:/jboss/test_data/data/split_data/clikchouse_6.txt_ae
17.827
load data/jboss/test_data/data/split_data/clikchouse_6.txt_ae finished, ret code:2,used 18 s.
load data from file:/jboss/test_data/data/split_data/clikchouse_6.txt_af
12.787
load data/jboss/test_data/data/split_data/clikchouse_6.txt_af finished, ret code:2,used 13 s.
load data from file:/jboss/test_data/data/split_data/clikchouse_6.txt_ag
16.059
load data/jboss/test_data/data/split_data/clikchouse_6.txt_ag finished, ret code:2,used 16 s.
load data from file:/jboss/test_data/data/split_data/clikchouse_6.txt_ah
13.281
load data/jboss/test_data/data/split_data/clikchouse_6.txt_ah finished, ret code:2,used 14 s.
load data from file:/jboss/test_data/data/split_data/clikchouse_6.txt_ai
13.623
load data/jboss/test_data/data/split_data/clikchouse_6.txt_ai finished, ret code:2,used 13 s.
load data from file:/jboss/test_data/data/split_data/clikchouse_6.txt_aj
19.118
load data/jboss/test_data/data/split_data/clikchouse_6.txt_aj finished, ret code:2,used 19 s.
load data from file:/jboss/test_data/data/split_data/clikchouse_6.txt_ak
12.038
load data/jboss/test_data/data/split_data/clikchouse_6.txt_ak finished, ret code:2,used 13 s.
load data from file:/jboss/test_data/data/split_data/clikchouse_6.txt_al
15.565
load data/jboss/test_data/data/split_data/clikchouse_6.txt_al finished, ret code:2,used 15 s.
load data from file:/jboss/test_data/data/split_data/clikchouse_6.txt_am
14.576
load data/jboss/test_data/data/split_data/clikchouse_6.txt_am finished, ret code:2,used 15 s.
load data from file:/jboss/test_data/data/split_data/clikchouse_6.txt_an
12.348
load data/jboss/test_data/data/split_data/clikchouse_6.txt_an finished, ret code:2,used 12 s.
load data from file:/jboss/test_data/data/split_data/clikchouse_6.txt_ao
16.007
load data/jboss/test_data/data/split_data/clikchouse_6.txt_ao finished, ret code:2,used 16 s.
load data from file:/jboss/test_data/data/split_data/clikchouse_6.txt_ap
11.946
load data/jboss/test_data/data/split_data/clikchouse_6.txt_ap finished, ret code:2,used 12 s.
load data from file:/jboss/test_data/data/split_data/clikchouse_6.txt_aq
13.218
load data/jboss/test_data/data/split_data/clikchouse_6.txt_aq finished, ret code:2,used 13 s.
load data from file:/jboss/test_data/data/split_data/clikchouse_6.txt_ar
12.359
load data/jboss/test_data/data/split_data/clikchouse_6.txt_ar finished, ret code:2,used 13 s.
load data from file:/jboss/test_data/data/split_data/clikchouse_6.txt_as
17.384
load data/jboss/test_data/data/split_data/clikchouse_6.txt_as finished, ret code:2,used 17 s.
load data from file:/jboss/test_data/data/split_data/clikchouse_6.txt_at
17.425
load data/jboss/test_data/data/split_data/clikchouse_6.txt_at finished, ret code:2,used 18 s.
load data from file:/jboss/test_data/data/split_data/clikchouse_6.txt_au
11.776
load data/jboss/test_data/data/split_data/clikchouse_6.txt_au finished, ret code:2,used 12 s.
load data from file:/jboss/test_data/data/split_data/clikchouse_6.txt_av
Received exception from server:
Code: 319. DB::Exception: Received from localhost:9000, ::1. DB::Exception: Unknown status, client must retry. Reason: zkutil::KeeperException: connection loss. 
13.609
load data/jboss/test_data/data/split_data/clikchouse_6.txt_av finished, ret code:2,used 13 s.
load data from file:/jboss/test_data/data/split_data/clikchouse_6.txt_aw
13.126
load data/jboss/test_data/data/split_data/clikchouse_6.txt_aw finished, ret code:2,used 13 s.
load data from file:/jboss/test_data/data/split_data/clikchouse_6.txt_ax
9.174
load data/jboss/test_data/data/split_data/clikchouse_6.txt_ax finished, ret code:2,used 10 s.
load data from file:/jboss/test_data/data/split_data/clikchouse_6.txt_ay
32.628
load data/jboss/test_data/data/split_data/clikchouse_6.txt_ay finished, ret code:2,used 32 s.
load data from file:/jboss/test_data/data/split_data/clikchouse_6.txt_az
12.779
load data/jboss/test_data/data/split_data/clikchouse_6.txt_az finished, ret code:2,used 13 s.
load data from file:/jboss/test_data/data/split_data/clikchouse_6.txt_ba
12.563
load data/jboss/test_data/data/split_data/clikchouse_6.txt_ba finished, ret code:2,used 13 s.
load data from file:/jboss/test_data/data/split_data/clikchouse_6.txt_bb
Received exception from server:
Code: 999. DB::Exception: Received from localhost:9000, ::1. zkutil::KeeperException. zkutil::KeeperException: connection loss, path: /clickhouse/tables/02/ch_ip_tags/temp/abandonable_lock-. 
16.311
load data/jboss/test_data/data/split_data/clikchouse_6.txt_bb finished, ret code:2,used 16 s.
load data from file:/jboss/test_data/data/split_data/clikchouse_6.txt_bc
13.668
load data/jboss/test_data/data/split_data/clikchouse_6.txt_bc finished, ret code:2,used 14 s.
load data from file:/jboss/test_data/data/split_data/clikchouse_6.txt_bd
25.645
load data/jboss/test_data/data/split_data/clikchouse_6.txt_bd finished, ret code:2,used 25 s.
load data from file:/jboss/test_data/data/split_data/clikchouse_6.txt_be
13.882
load data/jboss/test_data/data/split_data/clikchouse_6.txt_be finished, ret code:2,used 14 s.
load data from file:/jboss/test_data/data/split_data/clikchouse_6.txt_bf
10.438
load data/jboss/test_data/data/split_data/clikchouse_6.txt_bf finished, ret code:2,used 11 s.
load data from file:/jboss/test_data/data/split_data/clikchouse_6.txt_bg
15.573
load data/jboss/test_data/data/split_data/clikchouse_6.txt_bg finished, ret code:2,used 15 s.
load data from file:/jboss/test_data/data/split_data/clikchouse_6.txt_bh
13.283
load data/jboss/test_data/data/split_data/clikchouse_6.txt_bh finished, ret code:2,used 14 s.
load data from file:/jboss/test_data/data/split_data/clikchouse_6.txt_bi
15.372
load data/jboss/test_data/data/split_data/clikchouse_6.txt_bi finished, ret code:2,used 15 s.
load data from file:/jboss/test_data/data/split_data/clikchouse_6.txt_bj
21.892
load data/jboss/test_data/data/split_data/clikchouse_6.txt_bj finished, ret code:2,used 22 s.
load data from file:/jboss/test_data/data/split_data/clikchouse_6.txt_bk
9.657
load data/jboss/test_data/data/split_data/clikchouse_6.txt_bk finished, ret code:2,used 10 s.
load data from file:/jboss/test_data/data/split_data/clikchouse_6.txt_bl
15.223
load data/jboss/test_data/data/split_data/clikchouse_6.txt_bl finished, ret code:2,used 15 s.
load data from file:/jboss/test_data/data/split_data/clikchouse_6.txt_bm
19.154
load data/jboss/test_data/data/split_data/clikchouse_6.txt_bm finished, ret code:2,used 19 s.
load data from file:/jboss/test_data/data/split_data/clikchouse_6.txt_bn
11.650
load data/jboss/test_data/data/split_data/clikchouse_6.txt_bn finished, ret code:2,used 12 s.
load data from file:/jboss/test_data/data/split_data/clikchouse_6.txt_bo
13.188
load data/jboss/test_data/data/split_data/clikchouse_6.txt_bo finished, ret code:2,used 14 s.
load data from file:/jboss/test_data/data/split_data/clikchouse_6.txt_bp
21.930
load data/jboss/test_data/data/split_data/clikchouse_6.txt_bp finished, ret code:2,used 22 s.
load data from file:/jboss/test_data/data/split_data/clikchouse_6.txt_bq
15.201
load data/jboss/test_data/data/split_data/clikchouse_6.txt_bq finished, ret code:2,used 15 s.
load data from file:/jboss/test_data/data/split_data/clikchouse_6.txt_br
23.345
load data/jboss/test_data/data/split_data/clikchouse_6.txt_br finished, ret code:2,used 23 s.
load data from file:/jboss/test_data/data/split_data/clikchouse_6.txt_bs
14.117
load data/jboss/test_data/data/split_data/clikchouse_6.txt_bs finished, ret code:2,used 14 s.
load data from file:/jboss/test_data/data/split_data/clikchouse_6.txt_bt
12.763
load data/jboss/test_data/data/split_data/clikchouse_6.txt_bt finished, ret code:2,used 13 s.
load data from file:/jboss/test_data/data/split_data/clikchouse_6.txt_bu
25.943
load data/jboss/test_data/data/split_data/clikchouse_6.txt_bu finished, ret code:2,used 26 s.
load data from file:/jboss/test_data/data/split_data/clikchouse_6.txt_bv
14.095
load data/jboss/test_data/data/split_data/clikchouse_6.txt_bv finished, ret code:2,used 15 s.
load data from file:/jboss/test_data/data/split_data/clikchouse_6.txt_bw
14.488
load data/jboss/test_data/data/split_data/clikchouse_6.txt_bw finished, ret code:2,used 14 s.
load data from file:/jboss/test_data/data/split_data/clikchouse_6.txt_bx
22.351
load data/jboss/test_data/data/split_data/clikchouse_6.txt_bx finished, ret code:2,used 23 s.
load data from file:/jboss/test_data/data/split_data/clikchouse_7.txt_aa
12.434
load data/jboss/test_data/data/split_data/clikchouse_7.txt_aa finished, ret code:2,used 12 s.
load data from file:/jboss/test_data/data/split_data/clikchouse_7.txt_ab
14.444
load data/jboss/test_data/data/split_data/clikchouse_7.txt_ab finished, ret code:2,used 15 s.
load data from file:/jboss/test_data/data/split_data/clikchouse_7.txt_ac
11.784
load data/jboss/test_data/data/split_data/clikchouse_7.txt_ac finished, ret code:2,used 12 s.
load data from file:/jboss/test_data/data/split_data/clikchouse_7.txt_ad
15.454
load data/jboss/test_data/data/split_data/clikchouse_7.txt_ad finished, ret code:2,used 15 s.
load data from file:/jboss/test_data/data/split_data/clikchouse_7.txt_ae
14.509
load data/jboss/test_data/data/split_data/clikchouse_7.txt_ae finished, ret code:2,used 15 s.
load data from file:/jboss/test_data/data/split_data/clikchouse_7.txt_af
12.906
load data/jboss/test_data/data/split_data/clikchouse_7.txt_af finished, ret code:2,used 13 s.
load data from file:/jboss/test_data/data/split_data/clikchouse_7.txt_ag
15.152
load data/jboss/test_data/data/split_data/clikchouse_7.txt_ag finished, ret code:2,used 15 s.
load data from file:/jboss/test_data/data/split_data/clikchouse_7.txt_ah
11.502
load data/jboss/test_data/data/split_data/clikchouse_7.txt_ah finished, ret code:2,used 12 s.
load data from file:/jboss/test_data/data/split_data/clikchouse_7.txt_ai
13.308
load data/jboss/test_data/data/split_data/clikchouse_7.txt_ai finished, ret code:2,used 13 s.
load data from file:/jboss/test_data/data/split_data/clikchouse_7.txt_aj
16.577
load data/jboss/test_data/data/split_data/clikchouse_7.txt_aj finished, ret code:2,used 17 s.
load data from file:/jboss/test_data/data/split_data/clikchouse_7.txt_ak
12.405
load data/jboss/test_data/data/split_data/clikchouse_7.txt_ak finished, ret code:2,used 12 s.
load data from file:/jboss/test_data/data/split_data/clikchouse_7.txt_al
15.000
load data/jboss/test_data/data/split_data/clikchouse_7.txt_al finished, ret code:2,used 15 s.
load data from file:/jboss/test_data/data/split_data/clikchouse_7.txt_am
22.248
load data/jboss/test_data/data/split_data/clikchouse_7.txt_am finished, ret code:2,used 23 s.
load data from file:/jboss/test_data/data/split_data/clikchouse_7.txt_an
14.701
load data/jboss/test_data/data/split_data/clikchouse_7.txt_an finished, ret code:2,used 15 s.
load data from file:/jboss/test_data/data/split_data/clikchouse_7.txt_ao
28.311
load data/jboss/test_data/data/split_data/clikchouse_7.txt_ao finished, ret code:2,used 28 s.
load data from file:/jboss/test_data/data/split_data/clikchouse_7.txt_ap
10.371
load data/jboss/test_data/data/split_data/clikchouse_7.txt_ap finished, ret code:2,used 10 s.
load data from file:/jboss/test_data/data/split_data/clikchouse_7.txt_aq
15.777
load data/jboss/test_data/data/split_data/clikchouse_7.txt_aq finished, ret code:2,used 16 s.
load data from file:/jboss/test_data/data/split_data/clikchouse_7.txt_ar
9.258
load data/jboss/test_data/data/split_data/clikchouse_7.txt_ar finished, ret code:2,used 10 s.
load data from file:/jboss/test_data/data/split_data/clikchouse_7.txt_as
12.494
load data/jboss/test_data/data/split_data/clikchouse_7.txt_as finished, ret code:2,used 12 s.
load data from file:/jboss/test_data/data/split_data/clikchouse_7.txt_at
17.650
load data/jboss/test_data/data/split_data/clikchouse_7.txt_at finished, ret code:2,used 18 s.
load data from file:/jboss/test_data/data/split_data/clikchouse_7.txt_au
14.799
load data/jboss/test_data/data/split_data/clikchouse_7.txt_au finished, ret code:2,used 15 s.
load data from file:/jboss/test_data/data/split_data/clikchouse_7.txt_av
15.495
load data/jboss/test_data/data/split_data/clikchouse_7.txt_av finished, ret code:2,used 15 s.
load data from file:/jboss/test_data/data/split_data/clikchouse_7.txt_aw
14.142
load data/jboss/test_data/data/split_data/clikchouse_7.txt_aw finished, ret code:2,used 14 s.
load data from file:/jboss/test_data/data/split_data/clikchouse_7.txt_ax
12.218
load data/jboss/test_data/data/split_data/clikchouse_7.txt_ax finished, ret code:2,used 13 s.
load data from file:/jboss/test_data/data/split_data/clikchouse_7.txt_ay
18.523
load data/jboss/test_data/data/split_data/clikchouse_7.txt_ay finished, ret code:2,used 18 s.
load data from file:/jboss/test_data/data/split_data/clikchouse_7.txt_az
15.413
load data/jboss/test_data/data/split_data/clikchouse_7.txt_az finished, ret code:2,used 16 s.
load data from file:/jboss/test_data/data/split_data/clikchouse_7.txt_ba
16.589
load data/jboss/test_data/data/split_data/clikchouse_7.txt_ba finished, ret code:2,used 17 s.
load data from file:/jboss/test_data/data/split_data/clikchouse_7.txt_bb
29.184
load data/jboss/test_data/data/split_data/clikchouse_7.txt_bb finished, ret code:2,used 29 s.
load data from file:/jboss/test_data/data/split_data/clikchouse_7.txt_bc
16.951
load data/jboss/test_data/data/split_data/clikchouse_7.txt_bc finished, ret code:2,used 17 s.
load data from file:/jboss/test_data/data/split_data/clikchouse_7.txt_bd
17.122
load data/jboss/test_data/data/split_data/clikchouse_7.txt_bd finished, ret code:2,used 17 s.
load data from file:/jboss/test_data/data/split_data/clikchouse_7.txt_be
11.553
load data/jboss/test_data/data/split_data/clikchouse_7.txt_be finished, ret code:2,used 12 s.
load data from file:/jboss/test_data/data/split_data/clikchouse_7.txt_bf
12.817
load data/jboss/test_data/data/split_data/clikchouse_7.txt_bf finished, ret code:2,used 13 s.
load data from file:/jboss/test_data/data/split_data/clikchouse_7.txt_bg
19.061
load data/jboss/test_data/data/split_data/clikchouse_7.txt_bg finished, ret code:2,used 19 s.
load data from file:/jboss/test_data/data/split_data/clikchouse_7.txt_bh
13.019
load data/jboss/test_data/data/split_data/clikchouse_7.txt_bh finished, ret code:2,used 13 s.
load data from file:/jboss/test_data/data/split_data/clikchouse_7.txt_bi
11.602
load data/jboss/test_data/data/split_data/clikchouse_7.txt_bi finished, ret code:2,used 12 s.
load data from file:/jboss/test_data/data/split_data/clikchouse_7.txt_bj
24.757
load data/jboss/test_data/data/split_data/clikchouse_7.txt_bj finished, ret code:2,used 24 s.
load data from file:/jboss/test_data/data/split_data/clikchouse_7.txt_bk
11.935
load data/jboss/test_data/data/split_data/clikchouse_7.txt_bk finished, ret code:2,used 12 s.
load data from file:/jboss/test_data/data/split_data/clikchouse_7.txt_bl
19.314
load data/jboss/test_data/data/split_data/clikchouse_7.txt_bl finished, ret code:2,used 20 s.
load data from file:/jboss/test_data/data/split_data/clikchouse_7.txt_bm
14.861
load data/jboss/test_data/data/split_data/clikchouse_7.txt_bm finished, ret code:2,used 15 s.
load data from file:/jboss/test_data/data/split_data/clikchouse_7.txt_bn
9.357
load data/jboss/test_data/data/split_data/clikchouse_7.txt_bn finished, ret code:2,used 9 s.
load data from file:/jboss/test_data/data/split_data/clikchouse_7.txt_bo
15.016
load data/jboss/test_data/data/split_data/clikchouse_7.txt_bo finished, ret code:2,used 15 s.
load data from file:/jboss/test_data/data/split_data/clikchouse_7.txt_bp
13.138
load data/jboss/test_data/data/split_data/clikchouse_7.txt_bp finished, ret code:2,used 14 s.
load data from file:/jboss/test_data/data/split_data/clikchouse_7.txt_bq
11.053
load data/jboss/test_data/data/split_data/clikchouse_7.txt_bq finished, ret code:2,used 11 s.
load data from file:/jboss/test_data/data/split_data/clikchouse_7.txt_br
15.160
load data/jboss/test_data/data/split_data/clikchouse_7.txt_br finished, ret code:2,used 15 s.
load data from file:/jboss/test_data/data/split_data/clikchouse_7.txt_bs
14.590
load data/jboss/test_data/data/split_data/clikchouse_7.txt_bs finished, ret code:2,used 15 s.
load data from file:/jboss/test_data/data/split_data/clikchouse_7.txt_bt
21.606
load data/jboss/test_data/data/split_data/clikchouse_7.txt_bt finished, ret code:2,used 21 s.
load data from file:/jboss/test_data/data/split_data/clikchouse_7.txt_bu
10.143
load data/jboss/test_data/data/split_data/clikchouse_7.txt_bu finished, ret code:2,used 11 s.
load data from file:/jboss/test_data/data/split_data/clikchouse_7.txt_bv
9.885
load data/jboss/test_data/data/split_data/clikchouse_7.txt_bv finished, ret code:2,used 10 s.
load data from file:/jboss/test_data/data/split_data/clikchouse_7.txt_bw
15.766
load data/jboss/test_data/data/split_data/clikchouse_7.txt_bw finished, ret code:2,used 15 s.
load data from file:/jboss/test_data/data/split_data/clikchouse_7.txt_bx
13.673
load data/jboss/test_data/data/split_data/clikchouse_7.txt_bx finished, ret code:2,used 14 s.
load data from file:/jboss/test_data/data/split_data/clikchouse_8.txt_aa
12.561
load data/jboss/test_data/data/split_data/clikchouse_8.txt_aa finished, ret code:2,used 13 s.
load data from file:/jboss/test_data/data/split_data/clikchouse_8.txt_ab
17.020
load data/jboss/test_data/data/split_data/clikchouse_8.txt_ab finished, ret code:2,used 17 s.
load data from file:/jboss/test_data/data/split_data/clikchouse_8.txt_ac
11.139
load data/jboss/test_data/data/split_data/clikchouse_8.txt_ac finished, ret code:2,used 11 s.
load data from file:/jboss/test_data/data/split_data/clikchouse_8.txt_ad
15.736
load data/jboss/test_data/data/split_data/clikchouse_8.txt_ad finished, ret code:2,used 16 s.
load data from file:/jboss/test_data/data/split_data/clikchouse_8.txt_ae
18.216
load data/jboss/test_data/data/split_data/clikchouse_8.txt_ae finished, ret code:2,used 18 s.
load data from file:/jboss/test_data/data/split_data/clikchouse_8.txt_af
11.373
load data/jboss/test_data/data/split_data/clikchouse_8.txt_af finished, ret code:2,used 12 s.
load data from file:/jboss/test_data/data/split_data/clikchouse_8.txt_ag
15.804
load data/jboss/test_data/data/split_data/clikchouse_8.txt_ag finished, ret code:2,used 16 s.
load data from file:/jboss/test_data/data/split_data/clikchouse_8.txt_ah
9.498
load data/jboss/test_data/data/split_data/clikchouse_8.txt_ah finished, ret code:2,used 9 s.
load data from file:/jboss/test_data/data/split_data/clikchouse_8.txt_ai
14.746
load data/jboss/test_data/data/split_data/clikchouse_8.txt_ai finished, ret code:2,used 15 s.
load data from file:/jboss/test_data/data/split_data/clikchouse_8.txt_aj
16.711
load data/jboss/test_data/data/split_data/clikchouse_8.txt_aj finished, ret code:2,used 17 s.
load data from file:/jboss/test_data/data/split_data/clikchouse_8.txt_ak
13.173
load data/jboss/test_data/data/split_data/clikchouse_8.txt_ak finished, ret code:2,used 13 s.
load data from file:/jboss/test_data/data/split_data/clikchouse_8.txt_al
22.475
load data/jboss/test_data/data/split_data/clikchouse_8.txt_al finished, ret code:2,used 23 s.
load data from file:/jboss/test_data/data/split_data/clikchouse_8.txt_am
13.343
load data/jboss/test_data/data/split_data/clikchouse_8.txt_am finished, ret code:2,used 13 s.
load data from file:/jboss/test_data/data/split_data/clikchouse_8.txt_an
13.436
load data/jboss/test_data/data/split_data/clikchouse_8.txt_an finished, ret code:2,used 14 s.
load data from file:/jboss/test_data/data/split_data/clikchouse_8.txt_ao
18.098
load data/jboss/test_data/data/split_data/clikchouse_8.txt_ao finished, ret code:2,used 18 s.
load data from file:/jboss/test_data/data/split_data/clikchouse_8.txt_ap
11.525
load data/jboss/test_data/data/split_data/clikchouse_8.txt_ap finished, ret code:2,used 12 s.
load data from file:/jboss/test_data/data/split_data/clikchouse_8.txt_aq
14.089
load data/jboss/test_data/data/split_data/clikchouse_8.txt_aq finished, ret code:2,used 14 s.
load data from file:/jboss/test_data/data/split_data/clikchouse_8.txt_ar
21.252
load data/jboss/test_data/data/split_data/clikchouse_8.txt_ar finished, ret code:2,used 21 s.
load data from file:/jboss/test_data/data/split_data/clikchouse_8.txt_as
15.332
load data/jboss/test_data/data/split_data/clikchouse_8.txt_as finished, ret code:2,used 15 s.
load data from file:/jboss/test_data/data/split_data/clikchouse_8.txt_at
19.747
load data/jboss/test_data/data/split_data/clikchouse_8.txt_at finished, ret code:2,used 20 s.
load data from file:/jboss/test_data/data/split_data/clikchouse_8.txt_au
9.882
load data/jboss/test_data/data/split_data/clikchouse_8.txt_au finished, ret code:2,used 10 s.
load data from file:/jboss/test_data/data/split_data/clikchouse_8.txt_av
17.316
load data/jboss/test_data/data/split_data/clikchouse_8.txt_av finished, ret code:2,used 18 s.
load data from file:/jboss/test_data/data/split_data/clikchouse_8.txt_aw
13.049
load data/jboss/test_data/data/split_data/clikchouse_8.txt_aw finished, ret code:2,used 13 s.
load data from file:/jboss/test_data/data/split_data/clikchouse_8.txt_ax
11.877
load data/jboss/test_data/data/split_data/clikchouse_8.txt_ax finished, ret code:2,used 12 s.
load data from file:/jboss/test_data/data/split_data/clikchouse_8.txt_ay
16.266
load data/jboss/test_data/data/split_data/clikchouse_8.txt_ay finished, ret code:2,used 16 s.
load data from file:/jboss/test_data/data/split_data/clikchouse_8.txt_az
16.601
load data/jboss/test_data/data/split_data/clikchouse_8.txt_az finished, ret code:2,used 17 s.
load data from file:/jboss/test_data/data/split_data/clikchouse_8.txt_ba
18.618
load data/jboss/test_data/data/split_data/clikchouse_8.txt_ba finished, ret code:2,used 18 s.
load data from file:/jboss/test_data/data/split_data/clikchouse_8.txt_bb
22.417
load data/jboss/test_data/data/split_data/clikchouse_8.txt_bb finished, ret code:2,used 23 s.
load data from file:/jboss/test_data/data/split_data/clikchouse_8.txt_bc
10.883
load data/jboss/test_data/data/split_data/clikchouse_8.txt_bc finished, ret code:2,used 11 s.
load data from file:/jboss/test_data/data/split_data/clikchouse_8.txt_bd
22.294
load data/jboss/test_data/data/split_data/clikchouse_8.txt_bd finished, ret code:2,used 22 s.
load data from file:/jboss/test_data/data/split_data/clikchouse_8.txt_be
12.164
load data/jboss/test_data/data/split_data/clikchouse_8.txt_be finished, ret code:2,used 13 s.
load data from file:/jboss/test_data/data/split_data/clikchouse_8.txt_bf
13.760
load data/jboss/test_data/data/split_data/clikchouse_8.txt_bf finished, ret code:2,used 13 s.
load data from file:/jboss/test_data/data/split_data/clikchouse_8.txt_bg
21.755
load data/jboss/test_data/data/split_data/clikchouse_8.txt_bg finished, ret code:2,used 22 s.
load data from file:/jboss/test_data/data/split_data/clikchouse_8.txt_bh
32.774
load data/jboss/test_data/data/split_data/clikchouse_8.txt_bh finished, ret code:2,used 33 s.
load data from file:/jboss/test_data/data/split_data/clikchouse_8.txt_bi
12.077
load data/jboss/test_data/data/split_data/clikchouse_8.txt_bi finished, ret code:2,used 12 s.
load data from file:/jboss/test_data/data/split_data/clikchouse_8.txt_bj
14.935
load data/jboss/test_data/data/split_data/clikchouse_8.txt_bj finished, ret code:2,used 15 s.
load data from file:/jboss/test_data/data/split_data/clikchouse_8.txt_bk
29.558
load data/jboss/test_data/data/split_data/clikchouse_8.txt_bk finished, ret code:2,used 30 s.
load data from file:/jboss/test_data/data/split_data/clikchouse_8.txt_bl
17.940
load data/jboss/test_data/data/split_data/clikchouse_8.txt_bl finished, ret code:2,used 18 s.
load data from file:/jboss/test_data/data/split_data/clikchouse_8.txt_bm
15.695
load data/jboss/test_data/data/split_data/clikchouse_8.txt_bm finished, ret code:2,used 16 s.
load data from file:/jboss/test_data/data/split_data/clikchouse_8.txt_bn
14.386
load data/jboss/test_data/data/split_data/clikchouse_8.txt_bn finished, ret code:2,used 14 s.
load data from file:/jboss/test_data/data/split_data/clikchouse_8.txt_bo
18.989
load data/jboss/test_data/data/split_data/clikchouse_8.txt_bo finished, ret code:2,used 19 s.
load data from file:/jboss/test_data/data/split_data/clikchouse_8.txt_bp
29.065
load data/jboss/test_data/data/split_data/clikchouse_8.txt_bp finished, ret code:2,used 29 s.
load data from file:/jboss/test_data/data/split_data/clikchouse_8.txt_bq
10.609
load data/jboss/test_data/data/split_data/clikchouse_8.txt_bq finished, ret code:2,used 11 s.
load data from file:/jboss/test_data/data/split_data/clikchouse_8.txt_br
21.094
load data/jboss/test_data/data/split_data/clikchouse_8.txt_br finished, ret code:2,used 21 s.
load data from file:/jboss/test_data/data/split_data/clikchouse_8.txt_bs
12.794
load data/jboss/test_data/data/split_data/clikchouse_8.txt_bs finished, ret code:2,used 13 s.
load data from file:/jboss/test_data/data/split_data/clikchouse_8.txt_bt
16.157
load data/jboss/test_data/data/split_data/clikchouse_8.txt_bt finished, ret code:2,used 16 s.
load data from file:/jboss/test_data/data/split_data/clikchouse_8.txt_bu
12.560
load data/jboss/test_data/data/split_data/clikchouse_8.txt_bu finished, ret code:2,used 13 s.
load data from file:/jboss/test_data/data/split_data/clikchouse_8.txt_bv
15.215
load data/jboss/test_data/data/split_data/clikchouse_8.txt_bv finished, ret code:2,used 15 s.
load data from file:/jboss/test_data/data/split_data/clikchouse_8.txt_bw
16.947
load data/jboss/test_data/data/split_data/clikchouse_8.txt_bw finished, ret code:2,used 17 s.
load data from file:/jboss/test_data/data/split_data/clikchouse_8.txt_bx
13.601
load data/jboss/test_data/data/split_data/clikchouse_8.txt_bx finished, ret code:2,used 14 s.
load data from file:/jboss/test_data/data/split_data/clikchouse_9.txt_aa
12.608
load data/jboss/test_data/data/split_data/clikchouse_9.txt_aa finished, ret code:2,used 13 s.
load data from file:/jboss/test_data/data/split_data/clikchouse_9.txt_ab
18.822
load data/jboss/test_data/data/split_data/clikchouse_9.txt_ab finished, ret code:2,used 19 s.
load data from file:/jboss/test_data/data/split_data/clikchouse_9.txt_ac
14.008
load data/jboss/test_data/data/split_data/clikchouse_9.txt_ac finished, ret code:2,used 14 s.
load data from file:/jboss/test_data/data/split_data/clikchouse_9.txt_ad
18.773
load data/jboss/test_data/data/split_data/clikchouse_9.txt_ad finished, ret code:2,used 19 s.
load data from file:/jboss/test_data/data/split_data/clikchouse_9.txt_ae
12.252
load data/jboss/test_data/data/split_data/clikchouse_9.txt_ae finished, ret code:2,used 12 s.
load data from file:/jboss/test_data/data/split_data/clikchouse_9.txt_af
9.978
load data/jboss/test_data/data/split_data/clikchouse_9.txt_af finished, ret code:2,used 10 s.
load data from file:/jboss/test_data/data/split_data/clikchouse_9.txt_ag
12.810
load data/jboss/test_data/data/split_data/clikchouse_9.txt_ag finished, ret code:2,used 13 s.
load data from file:/jboss/test_data/data/split_data/clikchouse_9.txt_ah
21.951
load data/jboss/test_data/data/split_data/clikchouse_9.txt_ah finished, ret code:2,used 22 s.
load data from file:/jboss/test_data/data/split_data/clikchouse_9.txt_ai
28.074
load data/jboss/test_data/data/split_data/clikchouse_9.txt_ai finished, ret code:2,used 28 s.
load data from file:/jboss/test_data/data/split_data/clikchouse_9.txt_aj
11.599
load data/jboss/test_data/data/split_data/clikchouse_9.txt_aj finished, ret code:2,used 12 s.
load data from file:/jboss/test_data/data/split_data/clikchouse_9.txt_ak
13.024
load data/jboss/test_data/data/split_data/clikchouse_9.txt_ak finished, ret code:2,used 13 s.
load data from file:/jboss/test_data/data/split_data/clikchouse_9.txt_al
18.450
load data/jboss/test_data/data/split_data/clikchouse_9.txt_al finished, ret code:2,used 19 s.
load data from file:/jboss/test_data/data/split_data/clikchouse_9.txt_am
14.303
load data/jboss/test_data/data/split_data/clikchouse_9.txt_am finished, ret code:2,used 14 s.
load data from file:/jboss/test_data/data/split_data/clikchouse_9.txt_an
12.699
load data/jboss/test_data/data/split_data/clikchouse_9.txt_an finished, ret code:2,used 13 s.
load data from file:/jboss/test_data/data/split_data/clikchouse_9.txt_ao
16.922
load data/jboss/test_data/data/split_data/clikchouse_9.txt_ao finished, ret code:2,used 17 s.
load data from file:/jboss/test_data/data/split_data/clikchouse_9.txt_ap
20.377
load data/jboss/test_data/data/split_data/clikchouse_9.txt_ap finished, ret code:2,used 20 s.
load data from file:/jboss/test_data/data/split_data/clikchouse_9.txt_aq
17.639
load data/jboss/test_data/data/split_data/clikchouse_9.txt_aq finished, ret code:2,used 18 s.
load data from file:/jboss/test_data/data/split_data/clikchouse_9.txt_ar
9.315
load data/jboss/test_data/data/split_data/clikchouse_9.txt_ar finished, ret code:2,used 9 s.
load data from file:/jboss/test_data/data/split_data/clikchouse_9.txt_as
11.064
load data/jboss/test_data/data/split_data/clikchouse_9.txt_as finished, ret code:2,used 12 s.
load data from file:/jboss/test_data/data/split_data/clikchouse_9.txt_at
14.528
load data/jboss/test_data/data/split_data/clikchouse_9.txt_at finished, ret code:2,used 14 s.
load data from file:/jboss/test_data/data/split_data/clikchouse_9.txt_au
13.435
load data/jboss/test_data/data/split_data/clikchouse_9.txt_au finished, ret code:2,used 14 s.
load data from file:/jboss/test_data/data/split_data/clikchouse_9.txt_av
14.696
load data/jboss/test_data/data/split_data/clikchouse_9.txt_av finished, ret code:2,used 15 s.
load data from file:/jboss/test_data/data/split_data/clikchouse_9.txt_aw
11.757
load data/jboss/test_data/data/split_data/clikchouse_9.txt_aw finished, ret code:2,used 11 s.
load data from file:/jboss/test_data/data/split_data/clikchouse_9.txt_ax
13.185
load data/jboss/test_data/data/split_data/clikchouse_9.txt_ax finished, ret code:2,used 14 s.
load data from file:/jboss/test_data/data/split_data/clikchouse_9.txt_ay
17.541
load data/jboss/test_data/data/split_data/clikchouse_9.txt_ay finished, ret code:2,used 17 s.
load data from file:/jboss/test_data/data/split_data/clikchouse_9.txt_az
13.784
load data/jboss/test_data/data/split_data/clikchouse_9.txt_az finished, ret code:2,used 14 s.
load data from file:/jboss/test_data/data/split_data/clikchouse_9.txt_ba
13.110
load data/jboss/test_data/data/split_data/clikchouse_9.txt_ba finished, ret code:2,used 13 s.
load data from file:/jboss/test_data/data/split_data/clikchouse_9.txt_bb
13.895
load data/jboss/test_data/data/split_data/clikchouse_9.txt_bb finished, ret code:2,used 14 s.
load data from file:/jboss/test_data/data/split_data/clikchouse_9.txt_bc
18.896
load data/jboss/test_data/data/split_data/clikchouse_9.txt_bc finished, ret code:2,used 19 s.
load data from file:/jboss/test_data/data/split_data/clikchouse_9.txt_bd
14.251
load data/jboss/test_data/data/split_data/clikchouse_9.txt_bd finished, ret code:2,used 15 s.
load data from file:/jboss/test_data/data/split_data/clikchouse_9.txt_be
14.928
load data/jboss/test_data/data/split_data/clikchouse_9.txt_be finished, ret code:2,used 15 s.
load data from file:/jboss/test_data/data/split_data/clikchouse_9.txt_bf
11.351
load data/jboss/test_data/data/split_data/clikchouse_9.txt_bf finished, ret code:2,used 11 s.
load data from file:/jboss/test_data/data/split_data/clikchouse_9.txt_bg
13.949
load data/jboss/test_data/data/split_data/clikchouse_9.txt_bg finished, ret code:2,used 14 s.
load data from file:/jboss/test_data/data/split_data/clikchouse_9.txt_bh
11.305
load data/jboss/test_data/data/split_data/clikchouse_9.txt_bh finished, ret code:2,used 12 s.
load data from file:/jboss/test_data/data/split_data/clikchouse_9.txt_bi
10.168
load data/jboss/test_data/data/split_data/clikchouse_9.txt_bi finished, ret code:2,used 10 s.
load data from file:/jboss/test_data/data/split_data/clikchouse_9.txt_bj
19.221
load data/jboss/test_data/data/split_data/clikchouse_9.txt_bj finished, ret code:2,used 19 s.
load data from file:/jboss/test_data/data/split_data/clikchouse_9.txt_bk
10.710
load data/jboss/test_data/data/split_data/clikchouse_9.txt_bk finished, ret code:2,used 11 s.
load data from file:/jboss/test_data/data/split_data/clikchouse_9.txt_bl
18.602
load data/jboss/test_data/data/split_data/clikchouse_9.txt_bl finished, ret code:2,used 19 s.
load data from file:/jboss/test_data/data/split_data/clikchouse_9.txt_bm
9.356
load data/jboss/test_data/data/split_data/clikchouse_9.txt_bm finished, ret code:2,used 9 s.
load data from file:/jboss/test_data/data/split_data/clikchouse_9.txt_bn
11.606
load data/jboss/test_data/data/split_data/clikchouse_9.txt_bn finished, ret code:2,used 12 s.
load data from file:/jboss/test_data/data/split_data/clikchouse_9.txt_bo
20.636
load data/jboss/test_data/data/split_data/clikchouse_9.txt_bo finished, ret code:2,used 21 s.
load data from file:/jboss/test_data/data/split_data/clikchouse_9.txt_bp
13.460
load data/jboss/test_data/data/split_data/clikchouse_9.txt_bp finished, ret code:2,used 13 s.
load data from file:/jboss/test_data/data/split_data/clikchouse_9.txt_bq
21.189
load data/jboss/test_data/data/split_data/clikchouse_9.txt_bq finished, ret code:2,used 22 s.
load data from file:/jboss/test_data/data/split_data/clikchouse_9.txt_br
14.758
load data/jboss/test_data/data/split_data/clikchouse_9.txt_br finished, ret code:2,used 14 s.
load data from file:/jboss/test_data/data/split_data/clikchouse_9.txt_bs
11.666
load data/jboss/test_data/data/split_data/clikchouse_9.txt_bs finished, ret code:2,used 12 s.
load data from file:/jboss/test_data/data/split_data/clikchouse_9.txt_bt
14.486
load data/jboss/test_data/data/split_data/clikchouse_9.txt_bt finished, ret code:2,used 15 s.
load data from file:/jboss/test_data/data/split_data/clikchouse_9.txt_bu
12.043
load data/jboss/test_data/data/split_data/clikchouse_9.txt_bu finished, ret code:2,used 12 s.
load data from file:/jboss/test_data/data/split_data/clikchouse_9.txt_bv
10.052
load data/jboss/test_data/data/split_data/clikchouse_9.txt_bv finished, ret code:2,used 10 s.
load data from file:/jboss/test_data/data/split_data/clikchouse_9.txt_bw
12.392
load data/jboss/test_data/data/split_data/clikchouse_9.txt_bw finished, ret code:2,used 13 s.
load data from file:/jboss/test_data/data/split_data/clikchouse_9.txt_bx
9.470
load data/jboss/test_data/data/split_data/clikchouse_9.txt_bx finished, ret code:2,used 9 s.
all data in path /jboss/test_data/data/split_data loaded finished, used 3742 s.
