用法：./loadData.sh dataPath tableName
说明：
dataPath：待加载数据目录
tableName：目标表名
load data from file:/jboss/test_data/data/split_data/clikchouse_1.txt__aa
9.524
load data/jboss/test_data/data/split_data/clikchouse_1.txt__aa finished, ret code:2,used 10 s.
load data from file:/jboss/test_data/data/split_data/clikchouse_1.txt__ab
11.645
load data/jboss/test_data/data/split_data/clikchouse_1.txt__ab finished, ret code:2,used 12 s.
load data from file:/jboss/test_data/data/split_data/clikchouse_1.txt__ac
9.530
load data/jboss/test_data/data/split_data/clikchouse_1.txt__ac finished, ret code:2,used 9 s.
load data from file:/jboss/test_data/data/split_data/clikchouse_1.txt__ad
12.228
load data/jboss/test_data/data/split_data/clikchouse_1.txt__ad finished, ret code:2,used 13 s.
load data from file:/jboss/test_data/data/split_data/clikchouse_1.txt__ae
9.611
load data/jboss/test_data/data/split_data/clikchouse_1.txt__ae finished, ret code:2,used 9 s.
load data from file:/jboss/test_data/data/split_data/clikchouse_1.txt__af
12.687
load data/jboss/test_data/data/split_data/clikchouse_1.txt__af finished, ret code:2,used 13 s.
load data from file:/jboss/test_data/data/split_data/clikchouse_1.txt__ag
12.661
load data/jboss/test_data/data/split_data/clikchouse_1.txt__ag finished, ret code:2,used 13 s.
load data from file:/jboss/test_data/data/split_data/clikchouse_1.txt__ah
11.059
load data/jboss/test_data/data/split_data/clikchouse_1.txt__ah finished, ret code:2,used 11 s.
load data from file:/jboss/test_data/data/split_data/clikchouse_1.txt__ai
12.986
load data/jboss/test_data/data/split_data/clikchouse_1.txt__ai finished, ret code:2,used 13 s.
load data from file:/jboss/test_data/data/split_data/clikchouse_1.txt__aj
11.132
load data/jboss/test_data/data/split_data/clikchouse_1.txt__aj finished, ret code:2,used 11 s.
load data from file:/jboss/test_data/data/split_data/clikchouse_1.txt__ak
11.682
load data/jboss/test_data/data/split_data/clikchouse_1.txt__ak finished, ret code:2,used 12 s.
load data from file:/jboss/test_data/data/split_data/clikchouse_1.txt__al
12.466
load data/jboss/test_data/data/split_data/clikchouse_1.txt__al finished, ret code:2,used 13 s.
load data from file:/jboss/test_data/data/split_data/clikchouse_1.txt__am
9.661
load data/jboss/test_data/data/split_data/clikchouse_1.txt__am finished, ret code:2,used 9 s.
load data from file:/jboss/test_data/data/split_data/clikchouse_1.txt__an
13.334
load data/jboss/test_data/data/split_data/clikchouse_1.txt__an finished, ret code:2,used 14 s.
load data from file:/jboss/test_data/data/split_data/clikchouse_1.txt__ao
13.405
load data/jboss/test_data/data/split_data/clikchouse_1.txt__ao finished, ret code:2,used 13 s.
load data from file:/jboss/test_data/data/split_data/clikchouse_1.txt__ap
10.740
load data/jboss/test_data/data/split_data/clikchouse_1.txt__ap finished, ret code:2,used 11 s.
load data from file:/jboss/test_data/data/split_data/clikchouse_1.txt__aq
11.852
load data/jboss/test_data/data/split_data/clikchouse_1.txt__aq finished, ret code:2,used 12 s.
load data from file:/jboss/test_data/data/split_data/clikchouse_1.txt__ar
10.186
load data/jboss/test_data/data/split_data/clikchouse_1.txt__ar finished, ret code:2,used 10 s.
load data from file:/jboss/test_data/data/split_data/clikchouse_1.txt__as
11.538
load data/jboss/test_data/data/split_data/clikchouse_1.txt__as finished, ret code:2,used 12 s.
load data from file:/jboss/test_data/data/split_data/clikchouse_1.txt__at
13.766
load data/jboss/test_data/data/split_data/clikchouse_1.txt__at finished, ret code:2,used 14 s.
load data from file:/jboss/test_data/data/split_data/clikchouse_1.txt__au
11.593
load data/jboss/test_data/data/split_data/clikchouse_1.txt__au finished, ret code:2,used 12 s.
load data from file:/jboss/test_data/data/split_data/clikchouse_1.txt__av
12.204
load data/jboss/test_data/data/split_data/clikchouse_1.txt__av finished, ret code:2,used 12 s.
load data from file:/jboss/test_data/data/split_data/clikchouse_1.txt__aw
11.907
load data/jboss/test_data/data/split_data/clikchouse_1.txt__aw finished, ret code:2,used 12 s.
load data from file:/jboss/test_data/data/split_data/clikchouse_1.txt__ax
11.611
load data/jboss/test_data/data/split_data/clikchouse_1.txt__ax finished, ret code:2,used 12 s.
load data from file:/jboss/test_data/data/split_data/clikchouse_1.txt__ay
14.556
load data/jboss/test_data/data/split_data/clikchouse_1.txt__ay finished, ret code:2,used 14 s.
load data from file:/jboss/test_data/data/split_data/clikchouse_1.txt__az
13.226
load data/jboss/test_data/data/split_data/clikchouse_1.txt__az finished, ret code:2,used 14 s.
load data from file:/jboss/test_data/data/split_data/clikchouse_1.txt__ba
13.054
load data/jboss/test_data/data/split_data/clikchouse_1.txt__ba finished, ret code:2,used 13 s.
load data from file:/jboss/test_data/data/split_data/clikchouse_1.txt__bb
14.679
load data/jboss/test_data/data/split_data/clikchouse_1.txt__bb finished, ret code:2,used 15 s.
load data from file:/jboss/test_data/data/split_data/clikchouse_1.txt__bc
12.762
load data/jboss/test_data/data/split_data/clikchouse_1.txt__bc finished, ret code:2,used 12 s.
load data from file:/jboss/test_data/data/split_data/clikchouse_1.txt__bd
15.232
load data/jboss/test_data/data/split_data/clikchouse_1.txt__bd finished, ret code:2,used 16 s.
load data from file:/jboss/test_data/data/split_data/clikchouse_1.txt__be
14.180
load data/jboss/test_data/data/split_data/clikchouse_1.txt__be finished, ret code:2,used 14 s.
load data from file:/jboss/test_data/data/split_data/clikchouse_1.txt__bf
12.164
load data/jboss/test_data/data/split_data/clikchouse_1.txt__bf finished, ret code:2,used 12 s.
load data from file:/jboss/test_data/data/split_data/clikchouse_1.txt__bg
13.247
load data/jboss/test_data/data/split_data/clikchouse_1.txt__bg finished, ret code:2,used 14 s.
load data from file:/jboss/test_data/data/split_data/clikchouse_1.txt__bh
11.049
load data/jboss/test_data/data/split_data/clikchouse_1.txt__bh finished, ret code:2,used 11 s.
load data from file:/jboss/test_data/data/split_data/clikchouse_1.txt__bi
10.665
load data/jboss/test_data/data/split_data/clikchouse_1.txt__bi finished, ret code:2,used 11 s.
load data from file:/jboss/test_data/data/split_data/clikchouse_1.txt__bj
13.453
load data/jboss/test_data/data/split_data/clikchouse_1.txt__bj finished, ret code:2,used 13 s.
load data from file:/jboss/test_data/data/split_data/clikchouse_1.txt__bk
12.744
load data/jboss/test_data/data/split_data/clikchouse_1.txt__bk finished, ret code:2,used 13 s.
load data from file:/jboss/test_data/data/split_data/clikchouse_1.txt__bl
13.184
load data/jboss/test_data/data/split_data/clikchouse_1.txt__bl finished, ret code:2,used 13 s.
load data from file:/jboss/test_data/data/split_data/clikchouse_1.txt__bm
11.199
load data/jboss/test_data/data/split_data/clikchouse_1.txt__bm finished, ret code:2,used 12 s.
load data from file:/jboss/test_data/data/split_data/clikchouse_1.txt__bn
10.611
load data/jboss/test_data/data/split_data/clikchouse_1.txt__bn finished, ret code:2,used 10 s.
load data from file:/jboss/test_data/data/split_data/clikchouse_1.txt__bo
14.017
load data/jboss/test_data/data/split_data/clikchouse_1.txt__bo finished, ret code:2,used 14 s.
load data from file:/jboss/test_data/data/split_data/clikchouse_1.txt__bp
10.648
load data/jboss/test_data/data/split_data/clikchouse_1.txt__bp finished, ret code:2,used 11 s.
load data from file:/jboss/test_data/data/split_data/clikchouse_1.txt__bq
20.366
load data/jboss/test_data/data/split_data/clikchouse_1.txt__bq finished, ret code:2,used 21 s.
load data from file:/jboss/test_data/data/split_data/clikchouse_1.txt__br
19.576
load data/jboss/test_data/data/split_data/clikchouse_1.txt__br finished, ret code:2,used 19 s.
load data from file:/jboss/test_data/data/split_data/clikchouse_1.txt__bs
12.648
load data/jboss/test_data/data/split_data/clikchouse_1.txt__bs finished, ret code:2,used 13 s.
load data from file:/jboss/test_data/data/split_data/clikchouse_1.txt__bt
17.423
load data/jboss/test_data/data/split_data/clikchouse_1.txt__bt finished, ret code:2,used 18 s.
load data from file:/jboss/test_data/data/split_data/clikchouse_1.txt__bu
14.480
load data/jboss/test_data/data/split_data/clikchouse_1.txt__bu finished, ret code:2,used 14 s.
load data from file:/jboss/test_data/data/split_data/clikchouse_1.txt__bv
15.276
load data/jboss/test_data/data/split_data/clikchouse_1.txt__bv finished, ret code:2,used 16 s.
load data from file:/jboss/test_data/data/split_data/clikchouse_1.txt__bw
16.947
load data/jboss/test_data/data/split_data/clikchouse_1.txt__bw finished, ret code:2,used 17 s.
load data from file:/jboss/test_data/data/split_data/clikchouse_1.txt__bx
20.348
load data/jboss/test_data/data/split_data/clikchouse_1.txt__bx finished, ret code:2,used 20 s.
load data from file:/jboss/test_data/data/split_data/clikchouse_2.txt__aa
20.912
load data/jboss/test_data/data/split_data/clikchouse_2.txt__aa finished, ret code:2,used 21 s.
load data from file:/jboss/test_data/data/split_data/clikchouse_2.txt__ab
11.629
load data/jboss/test_data/data/split_data/clikchouse_2.txt__ab finished, ret code:2,used 12 s.
load data from file:/jboss/test_data/data/split_data/clikchouse_2.txt__ac
21.238
load data/jboss/test_data/data/split_data/clikchouse_2.txt__ac finished, ret code:2,used 21 s.
load data from file:/jboss/test_data/data/split_data/clikchouse_2.txt__ad
14.971
load data/jboss/test_data/data/split_data/clikchouse_2.txt__ad finished, ret code:2,used 15 s.
load data from file:/jboss/test_data/data/split_data/clikchouse_2.txt__ae
13.724
load data/jboss/test_data/data/split_data/clikchouse_2.txt__ae finished, ret code:2,used 14 s.
load data from file:/jboss/test_data/data/split_data/clikchouse_2.txt__af
14.758
load data/jboss/test_data/data/split_data/clikchouse_2.txt__af finished, ret code:2,used 15 s.
load data from file:/jboss/test_data/data/split_data/clikchouse_2.txt__ag
14.104
load data/jboss/test_data/data/split_data/clikchouse_2.txt__ag finished, ret code:2,used 14 s.
load data from file:/jboss/test_data/data/split_data/clikchouse_2.txt__ah
19.320
load data/jboss/test_data/data/split_data/clikchouse_2.txt__ah finished, ret code:2,used 20 s.
load data from file:/jboss/test_data/data/split_data/clikchouse_2.txt__ai
20.576
load data/jboss/test_data/data/split_data/clikchouse_2.txt__ai finished, ret code:2,used 20 s.
load data from file:/jboss/test_data/data/split_data/clikchouse_2.txt__aj
18.274
load data/jboss/test_data/data/split_data/clikchouse_2.txt__aj finished, ret code:2,used 19 s.
load data from file:/jboss/test_data/data/split_data/clikchouse_2.txt__ak
8.987
load data/jboss/test_data/data/split_data/clikchouse_2.txt__ak finished, ret code:2,used 9 s.
load data from file:/jboss/test_data/data/split_data/clikchouse_2.txt__al
15.718
load data/jboss/test_data/data/split_data/clikchouse_2.txt__al finished, ret code:2,used 16 s.
load data from file:/jboss/test_data/data/split_data/clikchouse_2.txt__am
27.761
load data/jboss/test_data/data/split_data/clikchouse_2.txt__am finished, ret code:2,used 28 s.
load data from file:/jboss/test_data/data/split_data/clikchouse_2.txt__an
16.640
load data/jboss/test_data/data/split_data/clikchouse_2.txt__an finished, ret code:2,used 16 s.
load data from file:/jboss/test_data/data/split_data/clikchouse_2.txt__ao
20.755
load data/jboss/test_data/data/split_data/clikchouse_2.txt__ao finished, ret code:2,used 21 s.
load data from file:/jboss/test_data/data/split_data/clikchouse_2.txt__ap
10.700
load data/jboss/test_data/data/split_data/clikchouse_2.txt__ap finished, ret code:2,used 11 s.
load data from file:/jboss/test_data/data/split_data/clikchouse_2.txt__aq
14.105
load data/jboss/test_data/data/split_data/clikchouse_2.txt__aq finished, ret code:2,used 14 s.
load data from file:/jboss/test_data/data/split_data/clikchouse_2.txt__ar
12.296
load data/jboss/test_data/data/split_data/clikchouse_2.txt__ar finished, ret code:2,used 13 s.
load data from file:/jboss/test_data/data/split_data/clikchouse_2.txt__as
30.836
load data/jboss/test_data/data/split_data/clikchouse_2.txt__as finished, ret code:2,used 30 s.
load data from file:/jboss/test_data/data/split_data/clikchouse_2.txt__at
17.481
load data/jboss/test_data/data/split_data/clikchouse_2.txt__at finished, ret code:2,used 18 s.
load data from file:/jboss/test_data/data/split_data/clikchouse_2.txt__au
11.877
load data/jboss/test_data/data/split_data/clikchouse_2.txt__au finished, ret code:2,used 12 s.
load data from file:/jboss/test_data/data/split_data/clikchouse_2.txt__av
16.820
load data/jboss/test_data/data/split_data/clikchouse_2.txt__av finished, ret code:2,used 17 s.
load data from file:/jboss/test_data/data/split_data/clikchouse_2.txt__aw
13.207
load data/jboss/test_data/data/split_data/clikchouse_2.txt__aw finished, ret code:2,used 13 s.
load data from file:/jboss/test_data/data/split_data/clikchouse_2.txt__ax
18.008
load data/jboss/test_data/data/split_data/clikchouse_2.txt__ax finished, ret code:2,used 26 s.
load data from file:/jboss/test_data/data/split_data/clikchouse_2.txt__ay
18.521
load data/jboss/test_data/data/split_data/clikchouse_2.txt__ay finished, ret code:2,used 19 s.
load data from file:/jboss/test_data/data/split_data/clikchouse_2.txt__az
15.321
load data/jboss/test_data/data/split_data/clikchouse_2.txt__az finished, ret code:2,used 15 s.
load data from file:/jboss/test_data/data/split_data/clikchouse_2.txt__ba
16.833
load data/jboss/test_data/data/split_data/clikchouse_2.txt__ba finished, ret code:2,used 17 s.
load data from file:/jboss/test_data/data/split_data/clikchouse_2.txt__bb
26.684
load data/jboss/test_data/data/split_data/clikchouse_2.txt__bb finished, ret code:2,used 27 s.
load data from file:/jboss/test_data/data/split_data/clikchouse_2.txt__bc
10.598
load data/jboss/test_data/data/split_data/clikchouse_2.txt__bc finished, ret code:2,used 11 s.
load data from file:/jboss/test_data/data/split_data/clikchouse_2.txt__bd
17.491
load data/jboss/test_data/data/split_data/clikchouse_2.txt__bd finished, ret code:2,used 17 s.
load data from file:/jboss/test_data/data/split_data/clikchouse_2.txt__be
22.932
load data/jboss/test_data/data/split_data/clikchouse_2.txt__be finished, ret code:2,used 23 s.
load data from file:/jboss/test_data/data/split_data/clikchouse_2.txt__bf
14.198
load data/jboss/test_data/data/split_data/clikchouse_2.txt__bf finished, ret code:2,used 15 s.
load data from file:/jboss/test_data/data/split_data/clikchouse_2.txt__bg
13.283
load data/jboss/test_data/data/split_data/clikchouse_2.txt__bg finished, ret code:2,used 13 s.
load data from file:/jboss/test_data/data/split_data/clikchouse_2.txt__bh
18.631
load data/jboss/test_data/data/split_data/clikchouse_2.txt__bh finished, ret code:2,used 19 s.
load data from file:/jboss/test_data/data/split_data/clikchouse_2.txt__bi
26.690
load data/jboss/test_data/data/split_data/clikchouse_2.txt__bi finished, ret code:2,used 27 s.
load data from file:/jboss/test_data/data/split_data/clikchouse_2.txt__bj
13.120
load data/jboss/test_data/data/split_data/clikchouse_2.txt__bj finished, ret code:2,used 13 s.
load data from file:/jboss/test_data/data/split_data/clikchouse_2.txt__bk
10.171
load data/jboss/test_data/data/split_data/clikchouse_2.txt__bk finished, ret code:2,used 10 s.
load data from file:/jboss/test_data/data/split_data/clikchouse_2.txt__bl
41.434
load data/jboss/test_data/data/split_data/clikchouse_2.txt__bl finished, ret code:2,used 42 s.
load data from file:/jboss/test_data/data/split_data/clikchouse_2.txt__bm
10.044
load data/jboss/test_data/data/split_data/clikchouse_2.txt__bm finished, ret code:2,used 10 s.
load data from file:/jboss/test_data/data/split_data/clikchouse_2.txt__bn
9.418
load data/jboss/test_data/data/split_data/clikchouse_2.txt__bn finished, ret code:2,used 9 s.
load data from file:/jboss/test_data/data/split_data/clikchouse_2.txt__bo
44.645
load data/jboss/test_data/data/split_data/clikchouse_2.txt__bo finished, ret code:2,used 45 s.
load data from file:/jboss/test_data/data/split_data/clikchouse_2.txt__bp
10.425
load data/jboss/test_data/data/split_data/clikchouse_2.txt__bp finished, ret code:2,used 11 s.
load data from file:/jboss/test_data/data/split_data/clikchouse_2.txt__bq
12.412
load data/jboss/test_data/data/split_data/clikchouse_2.txt__bq finished, ret code:2,used 12 s.
load data from file:/jboss/test_data/data/split_data/clikchouse_2.txt__br
12.688
load data/jboss/test_data/data/split_data/clikchouse_2.txt__br finished, ret code:2,used 13 s.
load data from file:/jboss/test_data/data/split_data/clikchouse_2.txt__bs
13.269
load data/jboss/test_data/data/split_data/clikchouse_2.txt__bs finished, ret code:2,used 13 s.
load data from file:/jboss/test_data/data/split_data/clikchouse_2.txt__bt
27.870
load data/jboss/test_data/data/split_data/clikchouse_2.txt__bt finished, ret code:2,used 28 s.
load data from file:/jboss/test_data/data/split_data/clikchouse_2.txt__bu
18.270
load data/jboss/test_data/data/split_data/clikchouse_2.txt__bu finished, ret code:2,used 19 s.
load data from file:/jboss/test_data/data/split_data/clikchouse_2.txt__bv
10.362
load data/jboss/test_data/data/split_data/clikchouse_2.txt__bv finished, ret code:2,used 10 s.
load data from file:/jboss/test_data/data/split_data/clikchouse_2.txt__bw
22.246
load data/jboss/test_data/data/split_data/clikchouse_2.txt__bw finished, ret code:2,used 22 s.
load data from file:/jboss/test_data/data/split_data/clikchouse_2.txt__bx
30.057
load data/jboss/test_data/data/split_data/clikchouse_2.txt__bx finished, ret code:2,used 31 s.
load data from file:/jboss/test_data/data/split_data/clikchouse_3.txt__aa
9.852
load data/jboss/test_data/data/split_data/clikchouse_3.txt__aa finished, ret code:2,used 10 s.
load data from file:/jboss/test_data/data/split_data/clikchouse_3.txt__ab
14.187
load data/jboss/test_data/data/split_data/clikchouse_3.txt__ab finished, ret code:2,used 14 s.
load data from file:/jboss/test_data/data/split_data/clikchouse_3.txt__ac
24.072
load data/jboss/test_data/data/split_data/clikchouse_3.txt__ac finished, ret code:2,used 24 s.
load data from file:/jboss/test_data/data/split_data/clikchouse_3.txt__ad
19.198
load data/jboss/test_data/data/split_data/clikchouse_3.txt__ad finished, ret code:2,used 19 s.
load data from file:/jboss/test_data/data/split_data/clikchouse_3.txt__ae
10.405
load data/jboss/test_data/data/split_data/clikchouse_3.txt__ae finished, ret code:2,used 11 s.
load data from file:/jboss/test_data/data/split_data/clikchouse_3.txt__af
13.875
load data/jboss/test_data/data/split_data/clikchouse_3.txt__af finished, ret code:2,used 14 s.
load data from file:/jboss/test_data/data/split_data/clikchouse_3.txt__ag
25.536
load data/jboss/test_data/data/split_data/clikchouse_3.txt__ag finished, ret code:2,used 25 s.
load data from file:/jboss/test_data/data/split_data/clikchouse_3.txt__ah
15.368
load data/jboss/test_data/data/split_data/clikchouse_3.txt__ah finished, ret code:2,used 16 s.
load data from file:/jboss/test_data/data/split_data/clikchouse_3.txt__ai
13.631
load data/jboss/test_data/data/split_data/clikchouse_3.txt__ai finished, ret code:2,used 14 s.
load data from file:/jboss/test_data/data/split_data/clikchouse_3.txt__aj
10.119
load data/jboss/test_data/data/split_data/clikchouse_3.txt__aj finished, ret code:2,used 10 s.
load data from file:/jboss/test_data/data/split_data/clikchouse_3.txt__ak
36.370
load data/jboss/test_data/data/split_data/clikchouse_3.txt__ak finished, ret code:2,used 36 s.
load data from file:/jboss/test_data/data/split_data/clikchouse_3.txt__al
11.733
load data/jboss/test_data/data/split_data/clikchouse_3.txt__al finished, ret code:2,used 12 s.
load data from file:/jboss/test_data/data/split_data/clikchouse_3.txt__am
11.325
load data/jboss/test_data/data/split_data/clikchouse_3.txt__am finished, ret code:2,used 12 s.
load data from file:/jboss/test_data/data/split_data/clikchouse_3.txt__an
12.437
load data/jboss/test_data/data/split_data/clikchouse_3.txt__an finished, ret code:2,used 12 s.
load data from file:/jboss/test_data/data/split_data/clikchouse_3.txt__ao
18.707
load data/jboss/test_data/data/split_data/clikchouse_3.txt__ao finished, ret code:2,used 19 s.
load data from file:/jboss/test_data/data/split_data/clikchouse_3.txt__ap
11.601
load data/jboss/test_data/data/split_data/clikchouse_3.txt__ap finished, ret code:2,used 12 s.
load data from file:/jboss/test_data/data/split_data/clikchouse_3.txt__aq
18.163
load data/jboss/test_data/data/split_data/clikchouse_3.txt__aq finished, ret code:2,used 18 s.
load data from file:/jboss/test_data/data/split_data/clikchouse_3.txt__ar
16.998
load data/jboss/test_data/data/split_data/clikchouse_3.txt__ar finished, ret code:2,used 17 s.
load data from file:/jboss/test_data/data/split_data/clikchouse_3.txt__as
19.573
load data/jboss/test_data/data/split_data/clikchouse_3.txt__as finished, ret code:2,used 20 s.
load data from file:/jboss/test_data/data/split_data/clikchouse_3.txt__at
12.650
load data/jboss/test_data/data/split_data/clikchouse_3.txt__at finished, ret code:2,used 13 s.
load data from file:/jboss/test_data/data/split_data/clikchouse_3.txt__au
9.387
load data/jboss/test_data/data/split_data/clikchouse_3.txt__au finished, ret code:2,used 9 s.
load data from file:/jboss/test_data/data/split_data/clikchouse_3.txt__av
11.172
load data/jboss/test_data/data/split_data/clikchouse_3.txt__av finished, ret code:2,used 11 s.
load data from file:/jboss/test_data/data/split_data/clikchouse_3.txt__aw
15.924
load data/jboss/test_data/data/split_data/clikchouse_3.txt__aw finished, ret code:2,used 16 s.
load data from file:/jboss/test_data/data/split_data/clikchouse_3.txt__ax
11.437
load data/jboss/test_data/data/split_data/clikchouse_3.txt__ax finished, ret code:2,used 12 s.
load data from file:/jboss/test_data/data/split_data/clikchouse_3.txt__ay
15.555
load data/jboss/test_data/data/split_data/clikchouse_3.txt__ay finished, ret code:2,used 16 s.
load data from file:/jboss/test_data/data/split_data/clikchouse_3.txt__az
11.156
load data/jboss/test_data/data/split_data/clikchouse_3.txt__az finished, ret code:2,used 11 s.
load data from file:/jboss/test_data/data/split_data/clikchouse_3.txt__ba
12.142
load data/jboss/test_data/data/split_data/clikchouse_3.txt__ba finished, ret code:2,used 12 s.
load data from file:/jboss/test_data/data/split_data/clikchouse_3.txt__bb
12.933
load data/jboss/test_data/data/split_data/clikchouse_3.txt__bb finished, ret code:2,used 13 s.
load data from file:/jboss/test_data/data/split_data/clikchouse_3.txt__bc
14.736
load data/jboss/test_data/data/split_data/clikchouse_3.txt__bc finished, ret code:2,used 15 s.
load data from file:/jboss/test_data/data/split_data/clikchouse_3.txt__bd
15.756
load data/jboss/test_data/data/split_data/clikchouse_3.txt__bd finished, ret code:2,used 16 s.
load data from file:/jboss/test_data/data/split_data/clikchouse_3.txt__be
13.240
load data/jboss/test_data/data/split_data/clikchouse_3.txt__be finished, ret code:2,used 13 s.
load data from file:/jboss/test_data/data/split_data/clikchouse_3.txt__bf
17.834
load data/jboss/test_data/data/split_data/clikchouse_3.txt__bf finished, ret code:2,used 18 s.
load data from file:/jboss/test_data/data/split_data/clikchouse_3.txt__bg
17.935
load data/jboss/test_data/data/split_data/clikchouse_3.txt__bg finished, ret code:2,used 18 s.
load data from file:/jboss/test_data/data/split_data/clikchouse_3.txt__bh
15.680
load data/jboss/test_data/data/split_data/clikchouse_3.txt__bh finished, ret code:2,used 16 s.
load data from file:/jboss/test_data/data/split_data/clikchouse_3.txt__bi
9.576
load data/jboss/test_data/data/split_data/clikchouse_3.txt__bi finished, ret code:2,used 10 s.
load data from file:/jboss/test_data/data/split_data/clikchouse_3.txt__bj
14.393
load data/jboss/test_data/data/split_data/clikchouse_3.txt__bj finished, ret code:2,used 14 s.
load data from file:/jboss/test_data/data/split_data/clikchouse_3.txt__bk
11.472
load data/jboss/test_data/data/split_data/clikchouse_3.txt__bk finished, ret code:2,used 12 s.
load data from file:/jboss/test_data/data/split_data/clikchouse_3.txt__bl
18.244
load data/jboss/test_data/data/split_data/clikchouse_3.txt__bl finished, ret code:2,used 18 s.
load data from file:/jboss/test_data/data/split_data/clikchouse_3.txt__bm
25.243
load data/jboss/test_data/data/split_data/clikchouse_3.txt__bm finished, ret code:2,used 25 s.
load data from file:/jboss/test_data/data/split_data/clikchouse_3.txt__bn
12.379
load data/jboss/test_data/data/split_data/clikchouse_3.txt__bn finished, ret code:2,used 13 s.
load data from file:/jboss/test_data/data/split_data/clikchouse_3.txt__bo
10.880
load data/jboss/test_data/data/split_data/clikchouse_3.txt__bo finished, ret code:2,used 11 s.
load data from file:/jboss/test_data/data/split_data/clikchouse_3.txt__bp
9.672
load data/jboss/test_data/data/split_data/clikchouse_3.txt__bp finished, ret code:2,used 10 s.
load data from file:/jboss/test_data/data/split_data/clikchouse_3.txt__bq
9.409
load data/jboss/test_data/data/split_data/clikchouse_3.txt__bq finished, ret code:2,used 9 s.
load data from file:/jboss/test_data/data/split_data/clikchouse_3.txt__br
13.583
load data/jboss/test_data/data/split_data/clikchouse_3.txt__br finished, ret code:2,used 14 s.
load data from file:/jboss/test_data/data/split_data/clikchouse_3.txt__bs
14.137
load data/jboss/test_data/data/split_data/clikchouse_3.txt__bs finished, ret code:2,used 14 s.
load data from file:/jboss/test_data/data/split_data/clikchouse_3.txt__bt
15.368
load data/jboss/test_data/data/split_data/clikchouse_3.txt__bt finished, ret code:2,used 16 s.
load data from file:/jboss/test_data/data/split_data/clikchouse_3.txt__bu
19.174
load data/jboss/test_data/data/split_data/clikchouse_3.txt__bu finished, ret code:2,used 19 s.
load data from file:/jboss/test_data/data/split_data/clikchouse_3.txt__bv
15.644
load data/jboss/test_data/data/split_data/clikchouse_3.txt__bv finished, ret code:2,used 16 s.
load data from file:/jboss/test_data/data/split_data/clikchouse_3.txt__bw
21.615
load data/jboss/test_data/data/split_data/clikchouse_3.txt__bw finished, ret code:2,used 21 s.
load data from file:/jboss/test_data/data/split_data/clikchouse_3.txt__bx
16.341
load data/jboss/test_data/data/split_data/clikchouse_3.txt__bx finished, ret code:2,used 17 s.
load data from file:/jboss/test_data/data/split_data/clikchouse_4.txt__aa
12.045
load data/jboss/test_data/data/split_data/clikchouse_4.txt__aa finished, ret code:2,used 12 s.
load data from file:/jboss/test_data/data/split_data/clikchouse_4.txt__ab
17.521
load data/jboss/test_data/data/split_data/clikchouse_4.txt__ab finished, ret code:2,used 18 s.
load data from file:/jboss/test_data/data/split_data/clikchouse_4.txt__ac
11.285
load data/jboss/test_data/data/split_data/clikchouse_4.txt__ac finished, ret code:2,used 11 s.
load data from file:/jboss/test_data/data/split_data/clikchouse_4.txt__ad
15.360
load data/jboss/test_data/data/split_data/clikchouse_4.txt__ad finished, ret code:2,used 15 s.
load data from file:/jboss/test_data/data/split_data/clikchouse_4.txt__ae
13.228
load data/jboss/test_data/data/split_data/clikchouse_4.txt__ae finished, ret code:2,used 14 s.
load data from file:/jboss/test_data/data/split_data/clikchouse_4.txt__af
21.957
load data/jboss/test_data/data/split_data/clikchouse_4.txt__af finished, ret code:2,used 22 s.
load data from file:/jboss/test_data/data/split_data/clikchouse_4.txt__ag
16.006
load data/jboss/test_data/data/split_data/clikchouse_4.txt__ag finished, ret code:2,used 16 s.
load data from file:/jboss/test_data/data/split_data/clikchouse_4.txt__ah
11.066
load data/jboss/test_data/data/split_data/clikchouse_4.txt__ah finished, ret code:2,used 11 s.
load data from file:/jboss/test_data/data/split_data/clikchouse_4.txt__ai
25.885
load data/jboss/test_data/data/split_data/clikchouse_4.txt__ai finished, ret code:2,used 26 s.
load data from file:/jboss/test_data/data/split_data/clikchouse_4.txt__aj
15.190
load data/jboss/test_data/data/split_data/clikchouse_4.txt__aj finished, ret code:2,used 15 s.
load data from file:/jboss/test_data/data/split_data/clikchouse_4.txt__ak
10.056
load data/jboss/test_data/data/split_data/clikchouse_4.txt__ak finished, ret code:2,used 11 s.
load data from file:/jboss/test_data/data/split_data/clikchouse_4.txt__al
17.287
load data/jboss/test_data/data/split_data/clikchouse_4.txt__al finished, ret code:2,used 17 s.
load data from file:/jboss/test_data/data/split_data/clikchouse_4.txt__am
26.265
load data/jboss/test_data/data/split_data/clikchouse_4.txt__am finished, ret code:2,used 26 s.
load data from file:/jboss/test_data/data/split_data/clikchouse_4.txt__an
15.402
load data/jboss/test_data/data/split_data/clikchouse_4.txt__an finished, ret code:2,used 16 s.
load data from file:/jboss/test_data/data/split_data/clikchouse_4.txt__ao
11.803
load data/jboss/test_data/data/split_data/clikchouse_4.txt__ao finished, ret code:2,used 12 s.
load data from file:/jboss/test_data/data/split_data/clikchouse_4.txt__ap
14.612
load data/jboss/test_data/data/split_data/clikchouse_4.txt__ap finished, ret code:2,used 15 s.
load data from file:/jboss/test_data/data/split_data/clikchouse_4.txt__aq
20.545
load data/jboss/test_data/data/split_data/clikchouse_4.txt__aq finished, ret code:2,used 20 s.
load data from file:/jboss/test_data/data/split_data/clikchouse_4.txt__ar
19.340
load data/jboss/test_data/data/split_data/clikchouse_4.txt__ar finished, ret code:2,used 20 s.
load data from file:/jboss/test_data/data/split_data/clikchouse_4.txt__as
23.511
load data/jboss/test_data/data/split_data/clikchouse_4.txt__as finished, ret code:2,used 23 s.
load data from file:/jboss/test_data/data/split_data/clikchouse_4.txt__at
11.711
load data/jboss/test_data/data/split_data/clikchouse_4.txt__at finished, ret code:2,used 12 s.
load data from file:/jboss/test_data/data/split_data/clikchouse_4.txt__au
11.412
load data/jboss/test_data/data/split_data/clikchouse_4.txt__au finished, ret code:2,used 12 s.
load data from file:/jboss/test_data/data/split_data/clikchouse_4.txt__av
26.201
load data/jboss/test_data/data/split_data/clikchouse_4.txt__av finished, ret code:2,used 26 s.
load data from file:/jboss/test_data/data/split_data/clikchouse_4.txt__aw
24.164
load data/jboss/test_data/data/split_data/clikchouse_4.txt__aw finished, ret code:2,used 24 s.
load data from file:/jboss/test_data/data/split_data/clikchouse_4.txt__ax
18.806
load data/jboss/test_data/data/split_data/clikchouse_4.txt__ax finished, ret code:2,used 19 s.
load data from file:/jboss/test_data/data/split_data/clikchouse_4.txt__ay
28.507
load data/jboss/test_data/data/split_data/clikchouse_4.txt__ay finished, ret code:2,used 29 s.
load data from file:/jboss/test_data/data/split_data/clikchouse_4.txt__az
13.715
load data/jboss/test_data/data/split_data/clikchouse_4.txt__az finished, ret code:2,used 14 s.
load data from file:/jboss/test_data/data/split_data/clikchouse_4.txt__ba
13.820
load data/jboss/test_data/data/split_data/clikchouse_4.txt__ba finished, ret code:2,used 14 s.
load data from file:/jboss/test_data/data/split_data/clikchouse_4.txt__bb
23.663
load data/jboss/test_data/data/split_data/clikchouse_4.txt__bb finished, ret code:2,used 23 s.
load data from file:/jboss/test_data/data/split_data/clikchouse_4.txt__bc
25.692
load data/jboss/test_data/data/split_data/clikchouse_4.txt__bc finished, ret code:2,used 26 s.
load data from file:/jboss/test_data/data/split_data/clikchouse_4.txt__bd
14.253
load data/jboss/test_data/data/split_data/clikchouse_4.txt__bd finished, ret code:2,used 14 s.
load data from file:/jboss/test_data/data/split_data/clikchouse_4.txt__be
15.651
load data/jboss/test_data/data/split_data/clikchouse_4.txt__be finished, ret code:2,used 16 s.
load data from file:/jboss/test_data/data/split_data/clikchouse_4.txt__bf
35.139
load data/jboss/test_data/data/split_data/clikchouse_4.txt__bf finished, ret code:2,used 35 s.
load data from file:/jboss/test_data/data/split_data/clikchouse_4.txt__bg
12.346
load data/jboss/test_data/data/split_data/clikchouse_4.txt__bg finished, ret code:2,used 13 s.
load data from file:/jboss/test_data/data/split_data/clikchouse_4.txt__bh
10.929
load data/jboss/test_data/data/split_data/clikchouse_4.txt__bh finished, ret code:2,used 11 s.
load data from file:/jboss/test_data/data/split_data/clikchouse_4.txt__bi
31.245
load data/jboss/test_data/data/split_data/clikchouse_4.txt__bi finished, ret code:2,used 31 s.
load data from file:/jboss/test_data/data/split_data/clikchouse_4.txt__bj
16.284
load data/jboss/test_data/data/split_data/clikchouse_4.txt__bj finished, ret code:2,used 17 s.
load data from file:/jboss/test_data/data/split_data/clikchouse_4.txt__bk
12.130
load data/jboss/test_data/data/split_data/clikchouse_4.txt__bk finished, ret code:2,used 12 s.
load data from file:/jboss/test_data/data/split_data/clikchouse_4.txt__bl
38.450
load data/jboss/test_data/data/split_data/clikchouse_4.txt__bl finished, ret code:2,used 39 s.
load data from file:/jboss/test_data/data/split_data/clikchouse_4.txt__bm
13.669
load data/jboss/test_data/data/split_data/clikchouse_4.txt__bm finished, ret code:2,used 13 s.
load data from file:/jboss/test_data/data/split_data/clikchouse_4.txt__bn
12.358
load data/jboss/test_data/data/split_data/clikchouse_4.txt__bn finished, ret code:2,used 13 s.
load data from file:/jboss/test_data/data/split_data/clikchouse_4.txt__bo
44.901
load data/jboss/test_data/data/split_data/clikchouse_4.txt__bo finished, ret code:2,used 45 s.
load data from file:/jboss/test_data/data/split_data/clikchouse_4.txt__bp
10.124
load data/jboss/test_data/data/split_data/clikchouse_4.txt__bp finished, ret code:2,used 10 s.
load data from file:/jboss/test_data/data/split_data/clikchouse_4.txt__bq
12.232
load data/jboss/test_data/data/split_data/clikchouse_4.txt__bq finished, ret code:2,used 12 s.
load data from file:/jboss/test_data/data/split_data/clikchouse_4.txt__br
12.469
load data/jboss/test_data/data/split_data/clikchouse_4.txt__br finished, ret code:2,used 13 s.
load data from file:/jboss/test_data/data/split_data/clikchouse_4.txt__bs
36.267
load data/jboss/test_data/data/split_data/clikchouse_4.txt__bs finished, ret code:2,used 36 s.
load data from file:/jboss/test_data/data/split_data/clikchouse_4.txt__bt
12.684
load data/jboss/test_data/data/split_data/clikchouse_4.txt__bt finished, ret code:2,used 13 s.
load data from file:/jboss/test_data/data/split_data/clikchouse_4.txt__bu
11.657
load data/jboss/test_data/data/split_data/clikchouse_4.txt__bu finished, ret code:2,used 12 s.
load data from file:/jboss/test_data/data/split_data/clikchouse_4.txt__bv
23.662
load data/jboss/test_data/data/split_data/clikchouse_4.txt__bv finished, ret code:2,used 24 s.
load data from file:/jboss/test_data/data/split_data/clikchouse_4.txt__bw
12.987
load data/jboss/test_data/data/split_data/clikchouse_4.txt__bw finished, ret code:2,used 13 s.
load data from file:/jboss/test_data/data/split_data/clikchouse_4.txt__bx
10.028
load data/jboss/test_data/data/split_data/clikchouse_4.txt__bx finished, ret code:2,used 10 s.
load data from file:/jboss/test_data/data/split_data/clikchouse_5.txt__aa
11.009
load data/jboss/test_data/data/split_data/clikchouse_5.txt__aa finished, ret code:2,used 11 s.
load data from file:/jboss/test_data/data/split_data/clikchouse_5.txt__ab
12.868
load data/jboss/test_data/data/split_data/clikchouse_5.txt__ab finished, ret code:2,used 13 s.
load data from file:/jboss/test_data/data/split_data/clikchouse_5.txt__ac
33.404
load data/jboss/test_data/data/split_data/clikchouse_5.txt__ac finished, ret code:2,used 34 s.
load data from file:/jboss/test_data/data/split_data/clikchouse_5.txt__ad
15.213
load data/jboss/test_data/data/split_data/clikchouse_5.txt__ad finished, ret code:2,used 15 s.
load data from file:/jboss/test_data/data/split_data/clikchouse_5.txt__ae
16.541
load data/jboss/test_data/data/split_data/clikchouse_5.txt__ae finished, ret code:2,used 17 s.
load data from file:/jboss/test_data/data/split_data/clikchouse_5.txt__af
20.641
load data/jboss/test_data/data/split_data/clikchouse_5.txt__af finished, ret code:2,used 20 s.
load data from file:/jboss/test_data/data/split_data/clikchouse_5.txt__ag
16.997
load data/jboss/test_data/data/split_data/clikchouse_5.txt__ag finished, ret code:2,used 17 s.
load data from file:/jboss/test_data/data/split_data/clikchouse_5.txt__ah
11.126
load data/jboss/test_data/data/split_data/clikchouse_5.txt__ah finished, ret code:2,used 12 s.
load data from file:/jboss/test_data/data/split_data/clikchouse_5.txt__ai
11.941
load data/jboss/test_data/data/split_data/clikchouse_5.txt__ai finished, ret code:2,used 12 s.
load data from file:/jboss/test_data/data/split_data/clikchouse_5.txt__aj
29.438
load data/jboss/test_data/data/split_data/clikchouse_5.txt__aj finished, ret code:2,used 29 s.
load data from file:/jboss/test_data/data/split_data/clikchouse_5.txt__ak
29.244
load data/jboss/test_data/data/split_data/clikchouse_5.txt__ak finished, ret code:2,used 30 s.
load data from file:/jboss/test_data/data/split_data/clikchouse_5.txt__al
13.953
load data/jboss/test_data/data/split_data/clikchouse_5.txt__al finished, ret code:2,used 14 s.
load data from file:/jboss/test_data/data/split_data/clikchouse_5.txt__am
12.560
load data/jboss/test_data/data/split_data/clikchouse_5.txt__am finished, ret code:2,used 12 s.
load data from file:/jboss/test_data/data/split_data/clikchouse_5.txt__an
13.051
load data/jboss/test_data/data/split_data/clikchouse_5.txt__an finished, ret code:2,used 13 s.
load data from file:/jboss/test_data/data/split_data/clikchouse_5.txt__ao
13.622
load data/jboss/test_data/data/split_data/clikchouse_5.txt__ao finished, ret code:2,used 14 s.
load data from file:/jboss/test_data/data/split_data/clikchouse_5.txt__ap
12.860
load data/jboss/test_data/data/split_data/clikchouse_5.txt__ap finished, ret code:2,used 13 s.
load data from file:/jboss/test_data/data/split_data/clikchouse_5.txt__aq
31.528
load data/jboss/test_data/data/split_data/clikchouse_5.txt__aq finished, ret code:2,used 32 s.
load data from file:/jboss/test_data/data/split_data/clikchouse_5.txt__ar
11.905
load data/jboss/test_data/data/split_data/clikchouse_5.txt__ar finished, ret code:2,used 12 s.
load data from file:/jboss/test_data/data/split_data/clikchouse_5.txt__as
9.457
load data/jboss/test_data/data/split_data/clikchouse_5.txt__as finished, ret code:2,used 9 s.
load data from file:/jboss/test_data/data/split_data/clikchouse_5.txt__at
23.809
load data/jboss/test_data/data/split_data/clikchouse_5.txt__at finished, ret code:2,used 24 s.
load data from file:/jboss/test_data/data/split_data/clikchouse_5.txt__au
12.594
load data/jboss/test_data/data/split_data/clikchouse_5.txt__au finished, ret code:2,used 13 s.
load data from file:/jboss/test_data/data/split_data/clikchouse_5.txt__av
11.080
load data/jboss/test_data/data/split_data/clikchouse_5.txt__av finished, ret code:2,used 11 s.
load data from file:/jboss/test_data/data/split_data/clikchouse_5.txt__aw
18.079
load data/jboss/test_data/data/split_data/clikchouse_5.txt__aw finished, ret code:2,used 18 s.
load data from file:/jboss/test_data/data/split_data/clikchouse_5.txt__ax
12.278
load data/jboss/test_data/data/split_data/clikchouse_5.txt__ax finished, ret code:2,used 13 s.
load data from file:/jboss/test_data/data/split_data/clikchouse_5.txt__ay
13.652
load data/jboss/test_data/data/split_data/clikchouse_5.txt__ay finished, ret code:2,used 14 s.
load data from file:/jboss/test_data/data/split_data/clikchouse_5.txt__az
10.733
load data/jboss/test_data/data/split_data/clikchouse_5.txt__az finished, ret code:2,used 10 s.
load data from file:/jboss/test_data/data/split_data/clikchouse_5.txt__ba
20.839
load data/jboss/test_data/data/split_data/clikchouse_5.txt__ba finished, ret code:2,used 21 s.
load data from file:/jboss/test_data/data/split_data/clikchouse_5.txt__bb
14.984
load data/jboss/test_data/data/split_data/clikchouse_5.txt__bb finished, ret code:2,used 15 s.
load data from file:/jboss/test_data/data/split_data/clikchouse_5.txt__bc
9.363
load data/jboss/test_data/data/split_data/clikchouse_5.txt__bc finished, ret code:2,used 10 s.
load data from file:/jboss/test_data/data/split_data/clikchouse_5.txt__bd
14.015
load data/jboss/test_data/data/split_data/clikchouse_5.txt__bd finished, ret code:2,used 14 s.
load data from file:/jboss/test_data/data/split_data/clikchouse_5.txt__be
9.556
load data/jboss/test_data/data/split_data/clikchouse_5.txt__be finished, ret code:2,used 10 s.
load data from file:/jboss/test_data/data/split_data/clikchouse_5.txt__bf
10.245
load data/jboss/test_data/data/split_data/clikchouse_5.txt__bf finished, ret code:2,used 10 s.
load data from file:/jboss/test_data/data/split_data/clikchouse_5.txt__bg
13.914
load data/jboss/test_data/data/split_data/clikchouse_5.txt__bg finished, ret code:2,used 14 s.
load data from file:/jboss/test_data/data/split_data/clikchouse_5.txt__bh
13.489
load data/jboss/test_data/data/split_data/clikchouse_5.txt__bh finished, ret code:2,used 14 s.
load data from file:/jboss/test_data/data/split_data/clikchouse_5.txt__bi
14.770
load data/jboss/test_data/data/split_data/clikchouse_5.txt__bi finished, ret code:2,used 15 s.
load data from file:/jboss/test_data/data/split_data/clikchouse_5.txt__bj
15.237
load data/jboss/test_data/data/split_data/clikchouse_5.txt__bj finished, ret code:2,used 15 s.
load data from file:/jboss/test_data/data/split_data/clikchouse_5.txt__bk
10.620
load data/jboss/test_data/data/split_data/clikchouse_5.txt__bk finished, ret code:2,used 11 s.
load data from file:/jboss/test_data/data/split_data/clikchouse_5.txt__bl
15.783
load data/jboss/test_data/data/split_data/clikchouse_5.txt__bl finished, ret code:2,used 16 s.
load data from file:/jboss/test_data/data/split_data/clikchouse_5.txt__bm
10.268
load data/jboss/test_data/data/split_data/clikchouse_5.txt__bm finished, ret code:2,used 10 s.
load data from file:/jboss/test_data/data/split_data/clikchouse_5.txt__bn
19.639
load data/jboss/test_data/data/split_data/clikchouse_5.txt__bn finished, ret code:2,used 20 s.
load data from file:/jboss/test_data/data/split_data/clikchouse_5.txt__bo
23.192
load data/jboss/test_data/data/split_data/clikchouse_5.txt__bo finished, ret code:2,used 23 s.
load data from file:/jboss/test_data/data/split_data/clikchouse_5.txt__bp
19.962
load data/jboss/test_data/data/split_data/clikchouse_5.txt__bp finished, ret code:2,used 20 s.
load data from file:/jboss/test_data/data/split_data/clikchouse_5.txt__bq
9.657
load data/jboss/test_data/data/split_data/clikchouse_5.txt__bq finished, ret code:2,used 10 s.
load data from file:/jboss/test_data/data/split_data/clikchouse_5.txt__br
14.137
load data/jboss/test_data/data/split_data/clikchouse_5.txt__br finished, ret code:2,used 14 s.
load data from file:/jboss/test_data/data/split_data/clikchouse_5.txt__bs
17.855
load data/jboss/test_data/data/split_data/clikchouse_5.txt__bs finished, ret code:2,used 18 s.
load data from file:/jboss/test_data/data/split_data/clikchouse_5.txt__bt
26.037
load data/jboss/test_data/data/split_data/clikchouse_5.txt__bt finished, ret code:2,used 26 s.
load data from file:/jboss/test_data/data/split_data/clikchouse_5.txt__bu
15.938
load data/jboss/test_data/data/split_data/clikchouse_5.txt__bu finished, ret code:2,used 16 s.
load data from file:/jboss/test_data/data/split_data/clikchouse_5.txt__bv
11.540
load data/jboss/test_data/data/split_data/clikchouse_5.txt__bv finished, ret code:2,used 12 s.
load data from file:/jboss/test_data/data/split_data/clikchouse_5.txt__bw
22.695
load data/jboss/test_data/data/split_data/clikchouse_5.txt__bw finished, ret code:2,used 23 s.
load data from file:/jboss/test_data/data/split_data/clikchouse_5.txt__bx
9.664
load data/jboss/test_data/data/split_data/clikchouse_5.txt__bx finished, ret code:2,used 9 s.
all data in path /jboss/test_data/data/split_data loaded finished, used 4042 s.
