用法：./loadData.sh dataPath tableName
说明：
dataPath：待加载数据目录
tableName：目标表名
load data from file:/jboss/test_data/data/split_data/clikchouse_10.txt_aa
9.335
load data/jboss/test_data/data/split_data/clikchouse_10.txt_aa finished, ret code:2,used 10 s.
load data from file:/jboss/test_data/data/split_data/clikchouse_10.txt_ab
12.001
load data/jboss/test_data/data/split_data/clikchouse_10.txt_ab finished, ret code:2,used 12 s.
load data from file:/jboss/test_data/data/split_data/clikchouse_10.txt_ac
9.277
load data/jboss/test_data/data/split_data/clikchouse_10.txt_ac finished, ret code:2,used 9 s.
load data from file:/jboss/test_data/data/split_data/clikchouse_10.txt_ad
12.100
load data/jboss/test_data/data/split_data/clikchouse_10.txt_ad finished, ret code:2,used 12 s.
load data from file:/jboss/test_data/data/split_data/clikchouse_10.txt_ae
10.434
load data/jboss/test_data/data/split_data/clikchouse_10.txt_ae finished, ret code:2,used 11 s.
load data from file:/jboss/test_data/data/split_data/clikchouse_10.txt_af
13.807
load data/jboss/test_data/data/split_data/clikchouse_10.txt_af finished, ret code:2,used 14 s.
load data from file:/jboss/test_data/data/split_data/clikchouse_10.txt_ag
15.451
load data/jboss/test_data/data/split_data/clikchouse_10.txt_ag finished, ret code:2,used 15 s.
load data from file:/jboss/test_data/data/split_data/clikchouse_10.txt_ah
12.673
load data/jboss/test_data/data/split_data/clikchouse_10.txt_ah finished, ret code:2,used 13 s.
load data from file:/jboss/test_data/data/split_data/clikchouse_10.txt_ai
13.585
load data/jboss/test_data/data/split_data/clikchouse_10.txt_ai finished, ret code:2,used 14 s.
load data from file:/jboss/test_data/data/split_data/clikchouse_10.txt_aj
18.113
load data/jboss/test_data/data/split_data/clikchouse_10.txt_aj finished, ret code:2,used 18 s.
load data from file:/jboss/test_data/data/split_data/clikchouse_10.txt_ak
9.551
load data/jboss/test_data/data/split_data/clikchouse_10.txt_ak finished, ret code:2,used 10 s.
load data from file:/jboss/test_data/data/split_data/clikchouse_10.txt_al
13.307
load data/jboss/test_data/data/split_data/clikchouse_10.txt_al finished, ret code:2,used 13 s.
load data from file:/jboss/test_data/data/split_data/clikchouse_10.txt_am
11.587
load data/jboss/test_data/data/split_data/clikchouse_10.txt_am finished, ret code:2,used 12 s.
load data from file:/jboss/test_data/data/split_data/clikchouse_10.txt_an
13.360
load data/jboss/test_data/data/split_data/clikchouse_10.txt_an finished, ret code:2,used 13 s.
load data from file:/jboss/test_data/data/split_data/clikchouse_10.txt_ao
13.806
load data/jboss/test_data/data/split_data/clikchouse_10.txt_ao finished, ret code:2,used 14 s.
load data from file:/jboss/test_data/data/split_data/clikchouse_10.txt_ap
10.900
load data/jboss/test_data/data/split_data/clikchouse_10.txt_ap finished, ret code:2,used 11 s.
load data from file:/jboss/test_data/data/split_data/clikchouse_10.txt_aq
14.379
load data/jboss/test_data/data/split_data/clikchouse_10.txt_aq finished, ret code:2,used 15 s.
load data from file:/jboss/test_data/data/split_data/clikchouse_10.txt_ar
11.303
load data/jboss/test_data/data/split_data/clikchouse_10.txt_ar finished, ret code:2,used 11 s.
load data from file:/jboss/test_data/data/split_data/clikchouse_10.txt_as
13.153
load data/jboss/test_data/data/split_data/clikchouse_10.txt_as finished, ret code:2,used 13 s.
load data from file:/jboss/test_data/data/split_data/clikchouse_10.txt_at
14.548
load data/jboss/test_data/data/split_data/clikchouse_10.txt_at finished, ret code:2,used 15 s.
load data from file:/jboss/test_data/data/split_data/clikchouse_10.txt_au
13.068
load data/jboss/test_data/data/split_data/clikchouse_10.txt_au finished, ret code:2,used 13 s.
load data from file:/jboss/test_data/data/split_data/clikchouse_10.txt_av
16.863
load data/jboss/test_data/data/split_data/clikchouse_10.txt_av finished, ret code:2,used 17 s.
load data from file:/jboss/test_data/data/split_data/clikchouse_10.txt_aw
11.416
load data/jboss/test_data/data/split_data/clikchouse_10.txt_aw finished, ret code:2,used 12 s.
load data from file:/jboss/test_data/data/split_data/clikchouse_10.txt_ax
12.737
load data/jboss/test_data/data/split_data/clikchouse_10.txt_ax finished, ret code:2,used 12 s.
load data from file:/jboss/test_data/data/split_data/clikchouse_10.txt_ay
15.151
load data/jboss/test_data/data/split_data/clikchouse_10.txt_ay finished, ret code:2,used 16 s.
load data from file:/jboss/test_data/data/split_data/clikchouse_10.txt_az
12.952
load data/jboss/test_data/data/split_data/clikchouse_10.txt_az finished, ret code:2,used 13 s.
load data from file:/jboss/test_data/data/split_data/clikchouse_10.txt_ba
13.074
load data/jboss/test_data/data/split_data/clikchouse_10.txt_ba finished, ret code:2,used 13 s.
load data from file:/jboss/test_data/data/split_data/clikchouse_10.txt_bb
15.232
load data/jboss/test_data/data/split_data/clikchouse_10.txt_bb finished, ret code:2,used 15 s.
load data from file:/jboss/test_data/data/split_data/clikchouse_10.txt_bc
12.431
load data/jboss/test_data/data/split_data/clikchouse_10.txt_bc finished, ret code:2,used 13 s.
load data from file:/jboss/test_data/data/split_data/clikchouse_10.txt_bd
17.072
load data/jboss/test_data/data/split_data/clikchouse_10.txt_bd finished, ret code:2,used 17 s.
load data from file:/jboss/test_data/data/split_data/clikchouse_10.txt_be
11.326
load data/jboss/test_data/data/split_data/clikchouse_10.txt_be finished, ret code:2,used 11 s.
load data from file:/jboss/test_data/data/split_data/clikchouse_10.txt_bf
11.926
load data/jboss/test_data/data/split_data/clikchouse_10.txt_bf finished, ret code:2,used 12 s.
load data from file:/jboss/test_data/data/split_data/clikchouse_10.txt_bg
13.064
load data/jboss/test_data/data/split_data/clikchouse_10.txt_bg finished, ret code:2,used 14 s.
load data from file:/jboss/test_data/data/split_data/clikchouse_10.txt_bh
11.302
load data/jboss/test_data/data/split_data/clikchouse_10.txt_bh finished, ret code:2,used 11 s.
load data from file:/jboss/test_data/data/split_data/clikchouse_10.txt_bi
9.761
load data/jboss/test_data/data/split_data/clikchouse_10.txt_bi finished, ret code:2,used 10 s.
load data from file:/jboss/test_data/data/split_data/clikchouse_10.txt_bj
15.370
load data/jboss/test_data/data/split_data/clikchouse_10.txt_bj finished, ret code:2,used 15 s.
load data from file:/jboss/test_data/data/split_data/clikchouse_10.txt_bk
13.582
load data/jboss/test_data/data/split_data/clikchouse_10.txt_bk finished, ret code:2,used 14 s.
load data from file:/jboss/test_data/data/split_data/clikchouse_10.txt_bl
12.453
load data/jboss/test_data/data/split_data/clikchouse_10.txt_bl finished, ret code:2,used 15 s.
load data from file:/jboss/test_data/data/split_data/clikchouse_10.txt_bm
10.963
load data/jboss/test_data/data/split_data/clikchouse_10.txt_bm finished, ret code:2,used 11 s.
load data from file:/jboss/test_data/data/split_data/clikchouse_10.txt_bn
13.118
load data/jboss/test_data/data/split_data/clikchouse_10.txt_bn finished, ret code:2,used 14 s.
load data from file:/jboss/test_data/data/split_data/clikchouse_10.txt_bo
11.206
load data/jboss/test_data/data/split_data/clikchouse_10.txt_bo finished, ret code:2,used 11 s.
load data from file:/jboss/test_data/data/split_data/clikchouse_10.txt_bp
12.598
load data/jboss/test_data/data/split_data/clikchouse_10.txt_bp finished, ret code:2,used 13 s.
load data from file:/jboss/test_data/data/split_data/clikchouse_10.txt_bq
13.246
load data/jboss/test_data/data/split_data/clikchouse_10.txt_bq finished, ret code:2,used 13 s.
load data from file:/jboss/test_data/data/split_data/clikchouse_10.txt_br
12.016
load data/jboss/test_data/data/split_data/clikchouse_10.txt_br finished, ret code:2,used 12 s.
load data from file:/jboss/test_data/data/split_data/clikchouse_10.txt_bs
12.361
load data/jboss/test_data/data/split_data/clikchouse_10.txt_bs finished, ret code:2,used 13 s.
load data from file:/jboss/test_data/data/split_data/clikchouse_10.txt_bt
16.881
load data/jboss/test_data/data/split_data/clikchouse_10.txt_bt finished, ret code:2,used 17 s.
load data from file:/jboss/test_data/data/split_data/clikchouse_10.txt_bu
10.433
load data/jboss/test_data/data/split_data/clikchouse_10.txt_bu finished, ret code:2,used 10 s.
load data from file:/jboss/test_data/data/split_data/clikchouse_10.txt_bv
12.678
load data/jboss/test_data/data/split_data/clikchouse_10.txt_bv finished, ret code:2,used 13 s.
load data from file:/jboss/test_data/data/split_data/clikchouse_10.txt_bw
15.186
load data/jboss/test_data/data/split_data/clikchouse_10.txt_bw finished, ret code:2,used 15 s.
load data from file:/jboss/test_data/data/split_data/clikchouse_10.txt_bx
23.875
load data/jboss/test_data/data/split_data/clikchouse_10.txt_bx finished, ret code:2,used 24 s.
load data from file:/jboss/test_data/data/split_data/clikchouse_6.txt_aa
14.537
load data/jboss/test_data/data/split_data/clikchouse_6.txt_aa finished, ret code:2,used 15 s.
load data from file:/jboss/test_data/data/split_data/clikchouse_6.txt_ab
18.251
load data/jboss/test_data/data/split_data/clikchouse_6.txt_ab finished, ret code:2,used 18 s.
load data from file:/jboss/test_data/data/split_data/clikchouse_6.txt_ac
21.555
load data/jboss/test_data/data/split_data/clikchouse_6.txt_ac finished, ret code:2,used 22 s.
load data from file:/jboss/test_data/data/split_data/clikchouse_6.txt_ad
16.016
load data/jboss/test_data/data/split_data/clikchouse_6.txt_ad finished, ret code:2,used 16 s.
load data from file:/jboss/test_data/data/split_data/clikchouse_6.txt_ae
10.381
load data/jboss/test_data/data/split_data/clikchouse_6.txt_ae finished, ret code:2,used 11 s.
load data from file:/jboss/test_data/data/split_data/clikchouse_6.txt_af
12.652
load data/jboss/test_data/data/split_data/clikchouse_6.txt_af finished, ret code:2,used 12 s.
load data from file:/jboss/test_data/data/split_data/clikchouse_6.txt_ag
32.300
load data/jboss/test_data/data/split_data/clikchouse_6.txt_ag finished, ret code:2,used 33 s.
load data from file:/jboss/test_data/data/split_data/clikchouse_6.txt_ah
21.818
load data/jboss/test_data/data/split_data/clikchouse_6.txt_ah finished, ret code:2,used 22 s.
load data from file:/jboss/test_data/data/split_data/clikchouse_6.txt_ai
12.240
load data/jboss/test_data/data/split_data/clikchouse_6.txt_ai finished, ret code:2,used 12 s.
load data from file:/jboss/test_data/data/split_data/clikchouse_6.txt_aj
9.575
load data/jboss/test_data/data/split_data/clikchouse_6.txt_aj finished, ret code:2,used 10 s.
load data from file:/jboss/test_data/data/split_data/clikchouse_6.txt_ak
9.504
load data/jboss/test_data/data/split_data/clikchouse_6.txt_ak finished, ret code:2,used 9 s.
load data from file:/jboss/test_data/data/split_data/clikchouse_6.txt_al
13.450
load data/jboss/test_data/data/split_data/clikchouse_6.txt_al finished, ret code:2,used 14 s.
load data from file:/jboss/test_data/data/split_data/clikchouse_6.txt_am
23.589
load data/jboss/test_data/data/split_data/clikchouse_6.txt_am finished, ret code:2,used 24 s.
load data from file:/jboss/test_data/data/split_data/clikchouse_6.txt_an
15.202
load data/jboss/test_data/data/split_data/clikchouse_6.txt_an finished, ret code:2,used 15 s.
load data from file:/jboss/test_data/data/split_data/clikchouse_6.txt_ao
12.867
load data/jboss/test_data/data/split_data/clikchouse_6.txt_ao finished, ret code:2,used 13 s.
load data from file:/jboss/test_data/data/split_data/clikchouse_6.txt_ap
13.327
load data/jboss/test_data/data/split_data/clikchouse_6.txt_ap finished, ret code:2,used 13 s.
load data from file:/jboss/test_data/data/split_data/clikchouse_6.txt_aq
20.023
load data/jboss/test_data/data/split_data/clikchouse_6.txt_aq finished, ret code:2,used 20 s.
load data from file:/jboss/test_data/data/split_data/clikchouse_6.txt_ar
13.056
load data/jboss/test_data/data/split_data/clikchouse_6.txt_ar finished, ret code:2,used 14 s.
load data from file:/jboss/test_data/data/split_data/clikchouse_6.txt_as
11.757
load data/jboss/test_data/data/split_data/clikchouse_6.txt_as finished, ret code:2,used 11 s.
load data from file:/jboss/test_data/data/split_data/clikchouse_6.txt_at
16.432
load data/jboss/test_data/data/split_data/clikchouse_6.txt_at finished, ret code:2,used 17 s.
load data from file:/jboss/test_data/data/split_data/clikchouse_6.txt_au
11.357
load data/jboss/test_data/data/split_data/clikchouse_6.txt_au finished, ret code:2,used 11 s.
load data from file:/jboss/test_data/data/split_data/clikchouse_6.txt_av
20.158
load data/jboss/test_data/data/split_data/clikchouse_6.txt_av finished, ret code:2,used 21 s.
load data from file:/jboss/test_data/data/split_data/clikchouse_6.txt_aw
12.365
load data/jboss/test_data/data/split_data/clikchouse_6.txt_aw finished, ret code:2,used 12 s.
load data from file:/jboss/test_data/data/split_data/clikchouse_6.txt_ax
10.696
load data/jboss/test_data/data/split_data/clikchouse_6.txt_ax finished, ret code:2,used 11 s.
load data from file:/jboss/test_data/data/split_data/clikchouse_6.txt_ay
11.988
load data/jboss/test_data/data/split_data/clikchouse_6.txt_ay finished, ret code:2,used 12 s.
load data from file:/jboss/test_data/data/split_data/clikchouse_6.txt_az
14.298
load data/jboss/test_data/data/split_data/clikchouse_6.txt_az finished, ret code:2,used 14 s.
load data from file:/jboss/test_data/data/split_data/clikchouse_6.txt_ba
14.488
load data/jboss/test_data/data/split_data/clikchouse_6.txt_ba finished, ret code:2,used 15 s.
load data from file:/jboss/test_data/data/split_data/clikchouse_6.txt_bb
12.410
load data/jboss/test_data/data/split_data/clikchouse_6.txt_bb finished, ret code:2,used 13 s.
load data from file:/jboss/test_data/data/split_data/clikchouse_6.txt_bc
21.667
load data/jboss/test_data/data/split_data/clikchouse_6.txt_bc finished, ret code:2,used 21 s.
load data from file:/jboss/test_data/data/split_data/clikchouse_6.txt_bd
24.633
load data/jboss/test_data/data/split_data/clikchouse_6.txt_bd finished, ret code:2,used 25 s.
load data from file:/jboss/test_data/data/split_data/clikchouse_6.txt_be
15.649
load data/jboss/test_data/data/split_data/clikchouse_6.txt_be finished, ret code:2,used 16 s.
load data from file:/jboss/test_data/data/split_data/clikchouse_6.txt_bf
9.285
load data/jboss/test_data/data/split_data/clikchouse_6.txt_bf finished, ret code:2,used 9 s.
load data from file:/jboss/test_data/data/split_data/clikchouse_6.txt_bg
15.288
load data/jboss/test_data/data/split_data/clikchouse_6.txt_bg finished, ret code:2,used 16 s.
load data from file:/jboss/test_data/data/split_data/clikchouse_6.txt_bh
26.165
load data/jboss/test_data/data/split_data/clikchouse_6.txt_bh finished, ret code:2,used 26 s.
load data from file:/jboss/test_data/data/split_data/clikchouse_6.txt_bi
13.810
load data/jboss/test_data/data/split_data/clikchouse_6.txt_bi finished, ret code:2,used 14 s.
load data from file:/jboss/test_data/data/split_data/clikchouse_6.txt_bj
12.225
load data/jboss/test_data/data/split_data/clikchouse_6.txt_bj finished, ret code:2,used 12 s.
load data from file:/jboss/test_data/data/split_data/clikchouse_6.txt_bk
32.541
load data/jboss/test_data/data/split_data/clikchouse_6.txt_bk finished, ret code:2,used 33 s.
load data from file:/jboss/test_data/data/split_data/clikchouse_6.txt_bl
16.115
load data/jboss/test_data/data/split_data/clikchouse_6.txt_bl finished, ret code:2,used 16 s.
load data from file:/jboss/test_data/data/split_data/clikchouse_6.txt_bm
14.030
load data/jboss/test_data/data/split_data/clikchouse_6.txt_bm finished, ret code:2,used 14 s.
load data from file:/jboss/test_data/data/split_data/clikchouse_6.txt_bn
11.787
load data/jboss/test_data/data/split_data/clikchouse_6.txt_bn finished, ret code:2,used 12 s.
load data from file:/jboss/test_data/data/split_data/clikchouse_6.txt_bo
26.612
load data/jboss/test_data/data/split_data/clikchouse_6.txt_bo finished, ret code:2,used 27 s.
load data from file:/jboss/test_data/data/split_data/clikchouse_6.txt_bp
14.953
load data/jboss/test_data/data/split_data/clikchouse_6.txt_bp finished, ret code:2,used 15 s.
load data from file:/jboss/test_data/data/split_data/clikchouse_6.txt_bq
9.394
load data/jboss/test_data/data/split_data/clikchouse_6.txt_bq finished, ret code:2,used 9 s.
load data from file:/jboss/test_data/data/split_data/clikchouse_6.txt_br
27.857
load data/jboss/test_data/data/split_data/clikchouse_6.txt_br finished, ret code:2,used 28 s.
load data from file:/jboss/test_data/data/split_data/clikchouse_6.txt_bs
20.939
load data/jboss/test_data/data/split_data/clikchouse_6.txt_bs finished, ret code:2,used 21 s.
load data from file:/jboss/test_data/data/split_data/clikchouse_6.txt_bt
12.392
load data/jboss/test_data/data/split_data/clikchouse_6.txt_bt finished, ret code:2,used 13 s.
load data from file:/jboss/test_data/data/split_data/clikchouse_6.txt_bu
12.810
load data/jboss/test_data/data/split_data/clikchouse_6.txt_bu finished, ret code:2,used 13 s.
load data from file:/jboss/test_data/data/split_data/clikchouse_6.txt_bv
13.744
load data/jboss/test_data/data/split_data/clikchouse_6.txt_bv finished, ret code:2,used 14 s.
load data from file:/jboss/test_data/data/split_data/clikchouse_6.txt_bw
34.790
load data/jboss/test_data/data/split_data/clikchouse_6.txt_bw finished, ret code:2,used 34 s.
load data from file:/jboss/test_data/data/split_data/clikchouse_6.txt_bx
10.895
load data/jboss/test_data/data/split_data/clikchouse_6.txt_bx finished, ret code:2,used 11 s.
load data from file:/jboss/test_data/data/split_data/clikchouse_7.txt_aa
9.531
load data/jboss/test_data/data/split_data/clikchouse_7.txt_aa finished, ret code:2,used 10 s.
load data from file:/jboss/test_data/data/split_data/clikchouse_7.txt_ab
17.953
load data/jboss/test_data/data/split_data/clikchouse_7.txt_ab finished, ret code:2,used 18 s.
load data from file:/jboss/test_data/data/split_data/clikchouse_7.txt_ac
25.050
load data/jboss/test_data/data/split_data/clikchouse_7.txt_ac finished, ret code:2,used 25 s.
load data from file:/jboss/test_data/data/split_data/clikchouse_7.txt_ad
16.422
load data/jboss/test_data/data/split_data/clikchouse_7.txt_ad finished, ret code:2,used 17 s.
load data from file:/jboss/test_data/data/split_data/clikchouse_7.txt_ae
9.866
load data/jboss/test_data/data/split_data/clikchouse_7.txt_ae finished, ret code:2,used 10 s.
load data from file:/jboss/test_data/data/split_data/clikchouse_7.txt_af
13.248
load data/jboss/test_data/data/split_data/clikchouse_7.txt_af finished, ret code:2,used 13 s.
load data from file:/jboss/test_data/data/split_data/clikchouse_7.txt_ag
29.367
load data/jboss/test_data/data/split_data/clikchouse_7.txt_ag finished, ret code:2,used 30 s.
load data from file:/jboss/test_data/data/split_data/clikchouse_7.txt_ah
16.365
load data/jboss/test_data/data/split_data/clikchouse_7.txt_ah finished, ret code:2,used 16 s.
load data from file:/jboss/test_data/data/split_data/clikchouse_7.txt_ai
9.916
load data/jboss/test_data/data/split_data/clikchouse_7.txt_ai finished, ret code:2,used 10 s.
load data from file:/jboss/test_data/data/split_data/clikchouse_7.txt_aj
19.835
load data/jboss/test_data/data/split_data/clikchouse_7.txt_aj finished, ret code:2,used 20 s.
load data from file:/jboss/test_data/data/split_data/clikchouse_7.txt_ak
19.327
load data/jboss/test_data/data/split_data/clikchouse_7.txt_ak finished, ret code:2,used 20 s.
load data from file:/jboss/test_data/data/split_data/clikchouse_7.txt_al
14.582
load data/jboss/test_data/data/split_data/clikchouse_7.txt_al finished, ret code:2,used 14 s.
load data from file:/jboss/test_data/data/split_data/clikchouse_7.txt_am
11.819
load data/jboss/test_data/data/split_data/clikchouse_7.txt_am finished, ret code:2,used 12 s.
load data from file:/jboss/test_data/data/split_data/clikchouse_7.txt_an
12.077
load data/jboss/test_data/data/split_data/clikchouse_7.txt_an finished, ret code:2,used 12 s.
load data from file:/jboss/test_data/data/split_data/clikchouse_7.txt_ao
39.211
load data/jboss/test_data/data/split_data/clikchouse_7.txt_ao finished, ret code:2,used 40 s.
load data from file:/jboss/test_data/data/split_data/clikchouse_7.txt_ap
10.308
load data/jboss/test_data/data/split_data/clikchouse_7.txt_ap finished, ret code:2,used 10 s.
load data from file:/jboss/test_data/data/split_data/clikchouse_7.txt_aq
13.212
load data/jboss/test_data/data/split_data/clikchouse_7.txt_aq finished, ret code:2,used 13 s.
load data from file:/jboss/test_data/data/split_data/clikchouse_7.txt_ar
24.960
load data/jboss/test_data/data/split_data/clikchouse_7.txt_ar finished, ret code:2,used 26 s.
load data from file:/jboss/test_data/data/split_data/clikchouse_7.txt_as
10.936
load data/jboss/test_data/data/split_data/clikchouse_7.txt_as finished, ret code:2,used 11 s.
load data from file:/jboss/test_data/data/split_data/clikchouse_7.txt_at
13.842
load data/jboss/test_data/data/split_data/clikchouse_7.txt_at finished, ret code:2,used 14 s.
load data from file:/jboss/test_data/data/split_data/clikchouse_7.txt_au
14.716
load data/jboss/test_data/data/split_data/clikchouse_7.txt_au finished, ret code:2,used 14 s.
load data from file:/jboss/test_data/data/split_data/clikchouse_7.txt_av
14.745
load data/jboss/test_data/data/split_data/clikchouse_7.txt_av finished, ret code:2,used 15 s.
load data from file:/jboss/test_data/data/split_data/clikchouse_7.txt_aw
33.065
load data/jboss/test_data/data/split_data/clikchouse_7.txt_aw finished, ret code:2,used 33 s.
load data from file:/jboss/test_data/data/split_data/clikchouse_7.txt_ax
11.239
load data/jboss/test_data/data/split_data/clikchouse_7.txt_ax finished, ret code:2,used 12 s.
load data from file:/jboss/test_data/data/split_data/clikchouse_7.txt_ay
12.331
load data/jboss/test_data/data/split_data/clikchouse_7.txt_ay finished, ret code:2,used 12 s.
load data from file:/jboss/test_data/data/split_data/clikchouse_7.txt_az
15.349
load data/jboss/test_data/data/split_data/clikchouse_7.txt_az finished, ret code:2,used 16 s.
load data from file:/jboss/test_data/data/split_data/clikchouse_7.txt_ba
19.155
load data/jboss/test_data/data/split_data/clikchouse_7.txt_ba finished, ret code:2,used 19 s.
load data from file:/jboss/test_data/data/split_data/clikchouse_7.txt_bb
13.594
load data/jboss/test_data/data/split_data/clikchouse_7.txt_bb finished, ret code:2,used 14 s.
load data from file:/jboss/test_data/data/split_data/clikchouse_7.txt_bc
12.197
load data/jboss/test_data/data/split_data/clikchouse_7.txt_bc finished, ret code:2,used 12 s.
load data from file:/jboss/test_data/data/split_data/clikchouse_7.txt_bd
22.177
load data/jboss/test_data/data/split_data/clikchouse_7.txt_bd finished, ret code:2,used 22 s.
load data from file:/jboss/test_data/data/split_data/clikchouse_7.txt_be
11.412
load data/jboss/test_data/data/split_data/clikchouse_7.txt_be finished, ret code:2,used 12 s.
load data from file:/jboss/test_data/data/split_data/clikchouse_7.txt_bf
12.878
load data/jboss/test_data/data/split_data/clikchouse_7.txt_bf finished, ret code:2,used 13 s.
load data from file:/jboss/test_data/data/split_data/clikchouse_7.txt_bg
13.098
load data/jboss/test_data/data/split_data/clikchouse_7.txt_bg finished, ret code:2,used 13 s.
load data from file:/jboss/test_data/data/split_data/clikchouse_7.txt_bh
13.156
load data/jboss/test_data/data/split_data/clikchouse_7.txt_bh finished, ret code:2,used 13 s.
load data from file:/jboss/test_data/data/split_data/clikchouse_7.txt_bi
10.508
load data/jboss/test_data/data/split_data/clikchouse_7.txt_bi finished, ret code:2,used 11 s.
load data from file:/jboss/test_data/data/split_data/clikchouse_7.txt_bj
16.690
load data/jboss/test_data/data/split_data/clikchouse_7.txt_bj finished, ret code:2,used 17 s.
load data from file:/jboss/test_data/data/split_data/clikchouse_7.txt_bk
20.949
load data/jboss/test_data/data/split_data/clikchouse_7.txt_bk finished, ret code:2,used 21 s.
load data from file:/jboss/test_data/data/split_data/clikchouse_7.txt_bl
16.613
load data/jboss/test_data/data/split_data/clikchouse_7.txt_bl finished, ret code:2,used 16 s.
load data from file:/jboss/test_data/data/split_data/clikchouse_7.txt_bm
9.820
load data/jboss/test_data/data/split_data/clikchouse_7.txt_bm finished, ret code:2,used 10 s.
load data from file:/jboss/test_data/data/split_data/clikchouse_7.txt_bn
34.186
load data/jboss/test_data/data/split_data/clikchouse_7.txt_bn finished, ret code:2,used 35 s.
load data from file:/jboss/test_data/data/split_data/clikchouse_7.txt_bo
15.928
load data/jboss/test_data/data/split_data/clikchouse_7.txt_bo finished, ret code:2,used 16 s.
load data from file:/jboss/test_data/data/split_data/clikchouse_7.txt_bp
9.571
load data/jboss/test_data/data/split_data/clikchouse_7.txt_bp finished, ret code:2,used 9 s.
load data from file:/jboss/test_data/data/split_data/clikchouse_7.txt_bq
11.252
load data/jboss/test_data/data/split_data/clikchouse_7.txt_bq finished, ret code:2,used 12 s.
load data from file:/jboss/test_data/data/split_data/clikchouse_7.txt_br
12.366
load data/jboss/test_data/data/split_data/clikchouse_7.txt_br finished, ret code:2,used 12 s.
load data from file:/jboss/test_data/data/split_data/clikchouse_7.txt_bs
10.666
load data/jboss/test_data/data/split_data/clikchouse_7.txt_bs finished, ret code:2,used 11 s.
load data from file:/jboss/test_data/data/split_data/clikchouse_7.txt_bt
15.674
load data/jboss/test_data/data/split_data/clikchouse_7.txt_bt finished, ret code:2,used 16 s.
load data from file:/jboss/test_data/data/split_data/clikchouse_7.txt_bu
11.529
load data/jboss/test_data/data/split_data/clikchouse_7.txt_bu finished, ret code:2,used 11 s.
load data from file:/jboss/test_data/data/split_data/clikchouse_7.txt_bv
21.407
load data/jboss/test_data/data/split_data/clikchouse_7.txt_bv finished, ret code:2,used 22 s.
load data from file:/jboss/test_data/data/split_data/clikchouse_7.txt_bw
15.642
load data/jboss/test_data/data/split_data/clikchouse_7.txt_bw finished, ret code:2,used 16 s.
load data from file:/jboss/test_data/data/split_data/clikchouse_7.txt_bx
12.547
load data/jboss/test_data/data/split_data/clikchouse_7.txt_bx finished, ret code:2,used 12 s.
load data from file:/jboss/test_data/data/split_data/clikchouse_8.txt_aa
17.055
load data/jboss/test_data/data/split_data/clikchouse_8.txt_aa finished, ret code:2,used 17 s.
load data from file:/jboss/test_data/data/split_data/clikchouse_8.txt_ab
15.195
load data/jboss/test_data/data/split_data/clikchouse_8.txt_ab finished, ret code:2,used 16 s.
load data from file:/jboss/test_data/data/split_data/clikchouse_8.txt_ac
9.333
load data/jboss/test_data/data/split_data/clikchouse_8.txt_ac finished, ret code:2,used 9 s.
load data from file:/jboss/test_data/data/split_data/clikchouse_8.txt_ad
12.995
load data/jboss/test_data/data/split_data/clikchouse_8.txt_ad finished, ret code:2,used 13 s.
load data from file:/jboss/test_data/data/split_data/clikchouse_8.txt_ae
11.356
load data/jboss/test_data/data/split_data/clikchouse_8.txt_ae finished, ret code:2,used 12 s.
load data from file:/jboss/test_data/data/split_data/clikchouse_8.txt_af
11.124
load data/jboss/test_data/data/split_data/clikchouse_8.txt_af finished, ret code:2,used 11 s.
load data from file:/jboss/test_data/data/split_data/clikchouse_8.txt_ag
13.741
load data/jboss/test_data/data/split_data/clikchouse_8.txt_ag finished, ret code:2,used 14 s.
load data from file:/jboss/test_data/data/split_data/clikchouse_8.txt_ah
9.236
load data/jboss/test_data/data/split_data/clikchouse_8.txt_ah finished, ret code:2,used 9 s.
load data from file:/jboss/test_data/data/split_data/clikchouse_8.txt_ai
16.422
load data/jboss/test_data/data/split_data/clikchouse_8.txt_ai finished, ret code:2,used 17 s.
load data from file:/jboss/test_data/data/split_data/clikchouse_8.txt_aj
11.602
load data/jboss/test_data/data/split_data/clikchouse_8.txt_aj finished, ret code:2,used 11 s.
load data from file:/jboss/test_data/data/split_data/clikchouse_8.txt_ak
13.552
load data/jboss/test_data/data/split_data/clikchouse_8.txt_ak finished, ret code:2,used 14 s.
load data from file:/jboss/test_data/data/split_data/clikchouse_8.txt_al
25.223
load data/jboss/test_data/data/split_data/clikchouse_8.txt_al finished, ret code:2,used 25 s.
load data from file:/jboss/test_data/data/split_data/clikchouse_8.txt_am
17.933
load data/jboss/test_data/data/split_data/clikchouse_8.txt_am finished, ret code:2,used 18 s.
load data from file:/jboss/test_data/data/split_data/clikchouse_8.txt_an
9.596
load data/jboss/test_data/data/split_data/clikchouse_8.txt_an finished, ret code:2,used 10 s.
load data from file:/jboss/test_data/data/split_data/clikchouse_8.txt_ao
14.853
load data/jboss/test_data/data/split_data/clikchouse_8.txt_ao finished, ret code:2,used 15 s.
load data from file:/jboss/test_data/data/split_data/clikchouse_8.txt_ap
15.337
load data/jboss/test_data/data/split_data/clikchouse_8.txt_ap finished, ret code:2,used 16 s.
load data from file:/jboss/test_data/data/split_data/clikchouse_8.txt_aq
17.026
load data/jboss/test_data/data/split_data/clikchouse_8.txt_aq finished, ret code:2,used 17 s.
load data from file:/jboss/test_data/data/split_data/clikchouse_8.txt_ar
18.252
load data/jboss/test_data/data/split_data/clikchouse_8.txt_ar finished, ret code:2,used 18 s.
load data from file:/jboss/test_data/data/split_data/clikchouse_8.txt_as
15.952
load data/jboss/test_data/data/split_data/clikchouse_8.txt_as finished, ret code:2,used 16 s.
load data from file:/jboss/test_data/data/split_data/clikchouse_8.txt_at
21.236
load data/jboss/test_data/data/split_data/clikchouse_8.txt_at finished, ret code:2,used 21 s.
load data from file:/jboss/test_data/data/split_data/clikchouse_8.txt_au
23.145
load data/jboss/test_data/data/split_data/clikchouse_8.txt_au finished, ret code:2,used 24 s.
load data from file:/jboss/test_data/data/split_data/clikchouse_8.txt_av
16.897
load data/jboss/test_data/data/split_data/clikchouse_8.txt_av finished, ret code:2,used 17 s.
load data from file:/jboss/test_data/data/split_data/clikchouse_8.txt_aw
12.826
load data/jboss/test_data/data/split_data/clikchouse_8.txt_aw finished, ret code:2,used 13 s.
load data from file:/jboss/test_data/data/split_data/clikchouse_8.txt_ax
9.447
load data/jboss/test_data/data/split_data/clikchouse_8.txt_ax finished, ret code:2,used 9 s.
load data from file:/jboss/test_data/data/split_data/clikchouse_8.txt_ay
13.522
load data/jboss/test_data/data/split_data/clikchouse_8.txt_ay finished, ret code:2,used 14 s.
load data from file:/jboss/test_data/data/split_data/clikchouse_8.txt_az
26.874
load data/jboss/test_data/data/split_data/clikchouse_8.txt_az finished, ret code:2,used 27 s.
load data from file:/jboss/test_data/data/split_data/clikchouse_8.txt_ba
13.022
load data/jboss/test_data/data/split_data/clikchouse_8.txt_ba finished, ret code:2,used 13 s.
load data from file:/jboss/test_data/data/split_data/clikchouse_8.txt_bb
12.258
load data/jboss/test_data/data/split_data/clikchouse_8.txt_bb finished, ret code:2,used 12 s.
load data from file:/jboss/test_data/data/split_data/clikchouse_8.txt_bc
35.922
load data/jboss/test_data/data/split_data/clikchouse_8.txt_bc finished, ret code:2,used 36 s.
load data from file:/jboss/test_data/data/split_data/clikchouse_8.txt_bd
12.908
load data/jboss/test_data/data/split_data/clikchouse_8.txt_bd finished, ret code:2,used 13 s.
load data from file:/jboss/test_data/data/split_data/clikchouse_8.txt_be
17.608
load data/jboss/test_data/data/split_data/clikchouse_8.txt_be finished, ret code:2,used 18 s.
load data from file:/jboss/test_data/data/split_data/clikchouse_8.txt_bf
26.408
load data/jboss/test_data/data/split_data/clikchouse_8.txt_bf finished, ret code:2,used 27 s.
load data from file:/jboss/test_data/data/split_data/clikchouse_8.txt_bg
13.526
load data/jboss/test_data/data/split_data/clikchouse_8.txt_bg finished, ret code:2,used 13 s.
load data from file:/jboss/test_data/data/split_data/clikchouse_8.txt_bh
13.860
load data/jboss/test_data/data/split_data/clikchouse_8.txt_bh finished, ret code:2,used 14 s.
load data from file:/jboss/test_data/data/split_data/clikchouse_8.txt_bi
16.539
load data/jboss/test_data/data/split_data/clikchouse_8.txt_bi finished, ret code:2,used 17 s.
load data from file:/jboss/test_data/data/split_data/clikchouse_8.txt_bj
44.542
load data/jboss/test_data/data/split_data/clikchouse_8.txt_bj finished, ret code:2,used 44 s.
load data from file:/jboss/test_data/data/split_data/clikchouse_8.txt_bk
12.338
load data/jboss/test_data/data/split_data/clikchouse_8.txt_bk finished, ret code:2,used 13 s.
load data from file:/jboss/test_data/data/split_data/clikchouse_8.txt_bl
12.087
load data/jboss/test_data/data/split_data/clikchouse_8.txt_bl finished, ret code:2,used 12 s.
load data from file:/jboss/test_data/data/split_data/clikchouse_8.txt_bm
30.197
load data/jboss/test_data/data/split_data/clikchouse_8.txt_bm finished, ret code:2,used 30 s.
load data from file:/jboss/test_data/data/split_data/clikchouse_8.txt_bn
10.089
load data/jboss/test_data/data/split_data/clikchouse_8.txt_bn finished, ret code:2,used 11 s.
load data from file:/jboss/test_data/data/split_data/clikchouse_8.txt_bo
11.465
load data/jboss/test_data/data/split_data/clikchouse_8.txt_bo finished, ret code:2,used 11 s.
load data from file:/jboss/test_data/data/split_data/clikchouse_8.txt_bp
19.688
load data/jboss/test_data/data/split_data/clikchouse_8.txt_bp finished, ret code:2,used 20 s.
load data from file:/jboss/test_data/data/split_data/clikchouse_8.txt_bq
21.463
load data/jboss/test_data/data/split_data/clikchouse_8.txt_bq finished, ret code:2,used 22 s.
load data from file:/jboss/test_data/data/split_data/clikchouse_8.txt_br
16.273
load data/jboss/test_data/data/split_data/clikchouse_8.txt_br finished, ret code:2,used 16 s.
load data from file:/jboss/test_data/data/split_data/clikchouse_8.txt_bs
11.791
load data/jboss/test_data/data/split_data/clikchouse_8.txt_bs finished, ret code:2,used 12 s.
load data from file:/jboss/test_data/data/split_data/clikchouse_8.txt_bt
43.024
load data/jboss/test_data/data/split_data/clikchouse_8.txt_bt finished, ret code:2,used 43 s.
load data from file:/jboss/test_data/data/split_data/clikchouse_8.txt_bu
9.875
load data/jboss/test_data/data/split_data/clikchouse_8.txt_bu finished, ret code:2,used 10 s.
load data from file:/jboss/test_data/data/split_data/clikchouse_8.txt_bv
10.534
load data/jboss/test_data/data/split_data/clikchouse_8.txt_bv finished, ret code:2,used 11 s.
load data from file:/jboss/test_data/data/split_data/clikchouse_8.txt_bw
12.024
load data/jboss/test_data/data/split_data/clikchouse_8.txt_bw finished, ret code:2,used 12 s.
load data from file:/jboss/test_data/data/split_data/clikchouse_8.txt_bx
17.314
load data/jboss/test_data/data/split_data/clikchouse_8.txt_bx finished, ret code:2,used 17 s.
load data from file:/jboss/test_data/data/split_data/clikchouse_9.txt_aa
20.930
load data/jboss/test_data/data/split_data/clikchouse_9.txt_aa finished, ret code:2,used 21 s.
load data from file:/jboss/test_data/data/split_data/clikchouse_9.txt_ab
13.349
load data/jboss/test_data/data/split_data/clikchouse_9.txt_ab finished, ret code:2,used 14 s.
load data from file:/jboss/test_data/data/split_data/clikchouse_9.txt_ac
11.665
load data/jboss/test_data/data/split_data/clikchouse_9.txt_ac finished, ret code:2,used 11 s.
load data from file:/jboss/test_data/data/split_data/clikchouse_9.txt_ad
25.312
load data/jboss/test_data/data/split_data/clikchouse_9.txt_ad finished, ret code:2,used 26 s.
load data from file:/jboss/test_data/data/split_data/clikchouse_9.txt_ae
10.934
load data/jboss/test_data/data/split_data/clikchouse_9.txt_ae finished, ret code:2,used 11 s.
load data from file:/jboss/test_data/data/split_data/clikchouse_9.txt_af
11.813
load data/jboss/test_data/data/split_data/clikchouse_9.txt_af finished, ret code:2,used 12 s.
load data from file:/jboss/test_data/data/split_data/clikchouse_9.txt_ag
13.538
load data/jboss/test_data/data/split_data/clikchouse_9.txt_ag finished, ret code:2,used 14 s.
load data from file:/jboss/test_data/data/split_data/clikchouse_9.txt_ah
21.468
load data/jboss/test_data/data/split_data/clikchouse_9.txt_ah finished, ret code:2,used 21 s.
load data from file:/jboss/test_data/data/split_data/clikchouse_9.txt_ai
37.798
load data/jboss/test_data/data/split_data/clikchouse_9.txt_ai finished, ret code:2,used 38 s.
load data from file:/jboss/test_data/data/split_data/clikchouse_9.txt_aj
15.043
load data/jboss/test_data/data/split_data/clikchouse_9.txt_aj finished, ret code:2,used 15 s.
load data from file:/jboss/test_data/data/split_data/clikchouse_9.txt_ak
24.014
load data/jboss/test_data/data/split_data/clikchouse_9.txt_ak finished, ret code:2,used 24 s.
load data from file:/jboss/test_data/data/split_data/clikchouse_9.txt_al
16.342
load data/jboss/test_data/data/split_data/clikchouse_9.txt_al finished, ret code:2,used 17 s.
load data from file:/jboss/test_data/data/split_data/clikchouse_9.txt_am
13.255
load data/jboss/test_data/data/split_data/clikchouse_9.txt_am finished, ret code:2,used 13 s.
load data from file:/jboss/test_data/data/split_data/clikchouse_9.txt_an
10.476
load data/jboss/test_data/data/split_data/clikchouse_9.txt_an finished, ret code:2,used 11 s.
load data from file:/jboss/test_data/data/split_data/clikchouse_9.txt_ao
29.440
load data/jboss/test_data/data/split_data/clikchouse_9.txt_ao finished, ret code:2,used 29 s.
load data from file:/jboss/test_data/data/split_data/clikchouse_9.txt_ap
16.491
load data/jboss/test_data/data/split_data/clikchouse_9.txt_ap finished, ret code:2,used 17 s.
load data from file:/jboss/test_data/data/split_data/clikchouse_9.txt_aq
24.416
load data/jboss/test_data/data/split_data/clikchouse_9.txt_aq finished, ret code:2,used 24 s.
load data from file:/jboss/test_data/data/split_data/clikchouse_9.txt_ar
27.591
load data/jboss/test_data/data/split_data/clikchouse_9.txt_ar finished, ret code:2,used 28 s.
load data from file:/jboss/test_data/data/split_data/clikchouse_9.txt_as
10.949
load data/jboss/test_data/data/split_data/clikchouse_9.txt_as finished, ret code:2,used 11 s.
load data from file:/jboss/test_data/data/split_data/clikchouse_9.txt_at
11.891
load data/jboss/test_data/data/split_data/clikchouse_9.txt_at finished, ret code:2,used 12 s.
load data from file:/jboss/test_data/data/split_data/clikchouse_9.txt_au
26.927
load data/jboss/test_data/data/split_data/clikchouse_9.txt_au finished, ret code:2,used 27 s.
load data from file:/jboss/test_data/data/split_data/clikchouse_9.txt_av
15.635
load data/jboss/test_data/data/split_data/clikchouse_9.txt_av finished, ret code:2,used 16 s.
load data from file:/jboss/test_data/data/split_data/clikchouse_9.txt_aw
11.530
load data/jboss/test_data/data/split_data/clikchouse_9.txt_aw finished, ret code:2,used 12 s.
load data from file:/jboss/test_data/data/split_data/clikchouse_9.txt_ax
10.231
load data/jboss/test_data/data/split_data/clikchouse_9.txt_ax finished, ret code:2,used 10 s.
load data from file:/jboss/test_data/data/split_data/clikchouse_9.txt_ay
20.093
load data/jboss/test_data/data/split_data/clikchouse_9.txt_ay finished, ret code:2,used 20 s.
load data from file:/jboss/test_data/data/split_data/clikchouse_9.txt_az
11.971
load data/jboss/test_data/data/split_data/clikchouse_9.txt_az finished, ret code:2,used 12 s.
load data from file:/jboss/test_data/data/split_data/clikchouse_9.txt_ba
12.257
load data/jboss/test_data/data/split_data/clikchouse_9.txt_ba finished, ret code:2,used 13 s.
load data from file:/jboss/test_data/data/split_data/clikchouse_9.txt_bb
20.370
load data/jboss/test_data/data/split_data/clikchouse_9.txt_bb finished, ret code:2,used 20 s.
load data from file:/jboss/test_data/data/split_data/clikchouse_9.txt_bc
11.162
load data/jboss/test_data/data/split_data/clikchouse_9.txt_bc finished, ret code:2,used 11 s.
load data from file:/jboss/test_data/data/split_data/clikchouse_9.txt_bd
15.017
load data/jboss/test_data/data/split_data/clikchouse_9.txt_bd finished, ret code:2,used 15 s.
load data from file:/jboss/test_data/data/split_data/clikchouse_9.txt_be
14.789
load data/jboss/test_data/data/split_data/clikchouse_9.txt_be finished, ret code:2,used 15 s.
load data from file:/jboss/test_data/data/split_data/clikchouse_9.txt_bf
21.664
load data/jboss/test_data/data/split_data/clikchouse_9.txt_bf finished, ret code:2,used 22 s.
load data from file:/jboss/test_data/data/split_data/clikchouse_9.txt_bg
14.137
load data/jboss/test_data/data/split_data/clikchouse_9.txt_bg finished, ret code:2,used 14 s.
load data from file:/jboss/test_data/data/split_data/clikchouse_9.txt_bh
9.404
load data/jboss/test_data/data/split_data/clikchouse_9.txt_bh finished, ret code:2,used 10 s.
load data from file:/jboss/test_data/data/split_data/clikchouse_9.txt_bi
12.734
load data/jboss/test_data/data/split_data/clikchouse_9.txt_bi finished, ret code:2,used 13 s.
load data from file:/jboss/test_data/data/split_data/clikchouse_9.txt_bj
12.258
load data/jboss/test_data/data/split_data/clikchouse_9.txt_bj finished, ret code:2,used 12 s.
load data from file:/jboss/test_data/data/split_data/clikchouse_9.txt_bk
13.703
load data/jboss/test_data/data/split_data/clikchouse_9.txt_bk finished, ret code:2,used 14 s.
load data from file:/jboss/test_data/data/split_data/clikchouse_9.txt_bl
23.090
load data/jboss/test_data/data/split_data/clikchouse_9.txt_bl finished, ret code:2,used 23 s.
load data from file:/jboss/test_data/data/split_data/clikchouse_9.txt_bm
10.164
load data/jboss/test_data/data/split_data/clikchouse_9.txt_bm finished, ret code:2,used 10 s.
load data from file:/jboss/test_data/data/split_data/clikchouse_9.txt_bn
10.944
load data/jboss/test_data/data/split_data/clikchouse_9.txt_bn finished, ret code:2,used 11 s.
load data from file:/jboss/test_data/data/split_data/clikchouse_9.txt_bo
11.342
load data/jboss/test_data/data/split_data/clikchouse_9.txt_bo finished, ret code:2,used 12 s.
load data from file:/jboss/test_data/data/split_data/clikchouse_9.txt_bp
12.012
load data/jboss/test_data/data/split_data/clikchouse_9.txt_bp finished, ret code:2,used 12 s.
load data from file:/jboss/test_data/data/split_data/clikchouse_9.txt_bq
13.458
load data/jboss/test_data/data/split_data/clikchouse_9.txt_bq finished, ret code:2,used 14 s.
load data from file:/jboss/test_data/data/split_data/clikchouse_9.txt_br
18.950
load data/jboss/test_data/data/split_data/clikchouse_9.txt_br finished, ret code:2,used 19 s.
load data from file:/jboss/test_data/data/split_data/clikchouse_9.txt_bs
24.900
load data/jboss/test_data/data/split_data/clikchouse_9.txt_bs finished, ret code:2,used 25 s.
load data from file:/jboss/test_data/data/split_data/clikchouse_9.txt_bt
12.391
load data/jboss/test_data/data/split_data/clikchouse_9.txt_bt finished, ret code:2,used 12 s.
load data from file:/jboss/test_data/data/split_data/clikchouse_9.txt_bu
9.579
load data/jboss/test_data/data/split_data/clikchouse_9.txt_bu finished, ret code:2,used 10 s.
load data from file:/jboss/test_data/data/split_data/clikchouse_9.txt_bv
12.564
load data/jboss/test_data/data/split_data/clikchouse_9.txt_bv finished, ret code:2,used 13 s.
load data from file:/jboss/test_data/data/split_data/clikchouse_9.txt_bw
16.145
load data/jboss/test_data/data/split_data/clikchouse_9.txt_bw finished, ret code:2,used 16 s.
load data from file:/jboss/test_data/data/split_data/clikchouse_9.txt_bx
23.478
load data/jboss/test_data/data/split_data/clikchouse_9.txt_bx finished, ret code:2,used 23 s.
all data in path /jboss/test_data/data/split_data loaded finished, used 3976 s.
