用法：./loadData.sh dataPath tableName
说明：
dataPath：待加载数据目录
tableName：目标表名
load data from file:/jboss/test_data/data/split_data/clikchouse_1.txt_aa
10.108
load data/jboss/test_data/data/split_data/clikchouse_1.txt_aa finished, ret code:2,used 10 s.
load data from file:/jboss/test_data/data/split_data/clikchouse_1.txt_ab
14.364
load data/jboss/test_data/data/split_data/clikchouse_1.txt_ab finished, ret code:2,used 14 s.
load data from file:/jboss/test_data/data/split_data/clikchouse_1.txt_ac
11.151
load data/jboss/test_data/data/split_data/clikchouse_1.txt_ac finished, ret code:2,used 12 s.
load data from file:/jboss/test_data/data/split_data/clikchouse_1.txt_ad
13.630
load data/jboss/test_data/data/split_data/clikchouse_1.txt_ad finished, ret code:2,used 13 s.
load data from file:/jboss/test_data/data/split_data/clikchouse_1.txt_ae
10.875
load data/jboss/test_data/data/split_data/clikchouse_1.txt_ae finished, ret code:2,used 11 s.
load data from file:/jboss/test_data/data/split_data/clikchouse_1.txt_af
11.718
load data/jboss/test_data/data/split_data/clikchouse_1.txt_af finished, ret code:2,used 12 s.
load data from file:/jboss/test_data/data/split_data/clikchouse_1.txt_ag
14.591
load data/jboss/test_data/data/split_data/clikchouse_1.txt_ag finished, ret code:2,used 15 s.
load data from file:/jboss/test_data/data/split_data/clikchouse_1.txt_ah
10.874
load data/jboss/test_data/data/split_data/clikchouse_1.txt_ah finished, ret code:2,used 11 s.
load data from file:/jboss/test_data/data/split_data/clikchouse_1.txt_ai
15.783
load data/jboss/test_data/data/split_data/clikchouse_1.txt_ai finished, ret code:2,used 16 s.
load data from file:/jboss/test_data/data/split_data/clikchouse_1.txt_aj
9.794
load data/jboss/test_data/data/split_data/clikchouse_1.txt_aj finished, ret code:2,used 10 s.
load data from file:/jboss/test_data/data/split_data/clikchouse_1.txt_ak
11.331
load data/jboss/test_data/data/split_data/clikchouse_1.txt_ak finished, ret code:2,used 11 s.
load data from file:/jboss/test_data/data/split_data/clikchouse_1.txt_al
13.883
load data/jboss/test_data/data/split_data/clikchouse_1.txt_al finished, ret code:2,used 14 s.
load data from file:/jboss/test_data/data/split_data/clikchouse_1.txt_am
11.297
load data/jboss/test_data/data/split_data/clikchouse_1.txt_am finished, ret code:2,used 11 s.
load data from file:/jboss/test_data/data/split_data/clikchouse_1.txt_an
10.995
load data/jboss/test_data/data/split_data/clikchouse_1.txt_an finished, ret code:2,used 12 s.
load data from file:/jboss/test_data/data/split_data/clikchouse_1.txt_ao
14.774
load data/jboss/test_data/data/split_data/clikchouse_1.txt_ao finished, ret code:2,used 14 s.
load data from file:/jboss/test_data/data/split_data/clikchouse_1.txt_ap
10.699
load data/jboss/test_data/data/split_data/clikchouse_1.txt_ap finished, ret code:2,used 11 s.
load data from file:/jboss/test_data/data/split_data/clikchouse_1.txt_aq
15.967
load data/jboss/test_data/data/split_data/clikchouse_1.txt_aq finished, ret code:2,used 16 s.
load data from file:/jboss/test_data/data/split_data/clikchouse_1.txt_ar
9.977
load data/jboss/test_data/data/split_data/clikchouse_1.txt_ar finished, ret code:2,used 10 s.
load data from file:/jboss/test_data/data/split_data/clikchouse_1.txt_as
10.630
load data/jboss/test_data/data/split_data/clikchouse_1.txt_as finished, ret code:2,used 11 s.
load data from file:/jboss/test_data/data/split_data/clikchouse_1.txt_at
14.280
load data/jboss/test_data/data/split_data/clikchouse_1.txt_at finished, ret code:2,used 14 s.
load data from file:/jboss/test_data/data/split_data/clikchouse_1.txt_au
11.251
load data/jboss/test_data/data/split_data/clikchouse_1.txt_au finished, ret code:2,used 12 s.
load data from file:/jboss/test_data/data/split_data/clikchouse_1.txt_av
16.068
load data/jboss/test_data/data/split_data/clikchouse_1.txt_av finished, ret code:2,used 16 s.
load data from file:/jboss/test_data/data/split_data/clikchouse_1.txt_aw
9.893
load data/jboss/test_data/data/split_data/clikchouse_1.txt_aw finished, ret code:2,used 10 s.
load data from file:/jboss/test_data/data/split_data/clikchouse_1.txt_ax
10.933
load data/jboss/test_data/data/split_data/clikchouse_1.txt_ax finished, ret code:2,used 11 s.
load data from file:/jboss/test_data/data/split_data/clikchouse_1.txt_ay
14.646
load data/jboss/test_data/data/split_data/clikchouse_1.txt_ay finished, ret code:2,used 15 s.
load data from file:/jboss/test_data/data/split_data/clikchouse_1.txt_az
11.605
load data/jboss/test_data/data/split_data/clikchouse_1.txt_az finished, ret code:2,used 11 s.
load data from file:/jboss/test_data/data/split_data/clikchouse_1.txt_ba
11.477
load data/jboss/test_data/data/split_data/clikchouse_1.txt_ba finished, ret code:2,used 12 s.
load data from file:/jboss/test_data/data/split_data/clikchouse_1.txt_bb
14.004
load data/jboss/test_data/data/split_data/clikchouse_1.txt_bb finished, ret code:2,used 14 s.
load data from file:/jboss/test_data/data/split_data/clikchouse_1.txt_bc
10.838
load data/jboss/test_data/data/split_data/clikchouse_1.txt_bc finished, ret code:2,used 11 s.
load data from file:/jboss/test_data/data/split_data/clikchouse_1.txt_bd
15.882
load data/jboss/test_data/data/split_data/clikchouse_1.txt_bd finished, ret code:2,used 16 s.
load data from file:/jboss/test_data/data/split_data/clikchouse_1.txt_be
11.727
load data/jboss/test_data/data/split_data/clikchouse_1.txt_be finished, ret code:2,used 12 s.
load data from file:/jboss/test_data/data/split_data/clikchouse_1.txt_bf
10.054
load data/jboss/test_data/data/split_data/clikchouse_1.txt_bf finished, ret code:2,used 10 s.
load data from file:/jboss/test_data/data/split_data/clikchouse_1.txt_bg
14.682
load data/jboss/test_data/data/split_data/clikchouse_1.txt_bg finished, ret code:2,used 15 s.
load data from file:/jboss/test_data/data/split_data/clikchouse_1.txt_bh
10.115
load data/jboss/test_data/data/split_data/clikchouse_1.txt_bh finished, ret code:2,used 10 s.
load data from file:/jboss/test_data/data/split_data/clikchouse_1.txt_bi
10.892
load data/jboss/test_data/data/split_data/clikchouse_1.txt_bi finished, ret code:2,used 11 s.
load data from file:/jboss/test_data/data/split_data/clikchouse_1.txt_bj
14.898
load data/jboss/test_data/data/split_data/clikchouse_1.txt_bj finished, ret code:2,used 15 s.
load data from file:/jboss/test_data/data/split_data/clikchouse_1.txt_bk
10.651
load data/jboss/test_data/data/split_data/clikchouse_1.txt_bk finished, ret code:2,used 11 s.
load data from file:/jboss/test_data/data/split_data/clikchouse_1.txt_bl
19.594
load data/jboss/test_data/data/split_data/clikchouse_1.txt_bl finished, ret code:2,used 20 s.
load data from file:/jboss/test_data/data/split_data/clikchouse_1.txt_bm
10.048
load data/jboss/test_data/data/split_data/clikchouse_1.txt_bm finished, ret code:2,used 12 s.
load data from file:/jboss/test_data/data/split_data/clikchouse_1.txt_bn
11.083
load data/jboss/test_data/data/split_data/clikchouse_1.txt_bn finished, ret code:2,used 11 s.
load data from file:/jboss/test_data/data/split_data/clikchouse_1.txt_bo
21.141
load data/jboss/test_data/data/split_data/clikchouse_1.txt_bo finished, ret code:2,used 21 s.
load data from file:/jboss/test_data/data/split_data/clikchouse_1.txt_bp
11.454
load data/jboss/test_data/data/split_data/clikchouse_1.txt_bp finished, ret code:2,used 12 s.
load data from file:/jboss/test_data/data/split_data/clikchouse_1.txt_bq
20.255
load data/jboss/test_data/data/split_data/clikchouse_1.txt_bq finished, ret code:2,used 20 s.
load data from file:/jboss/test_data/data/split_data/clikchouse_1.txt_br
12.357
load data/jboss/test_data/data/split_data/clikchouse_1.txt_br finished, ret code:2,used 13 s.
load data from file:/jboss/test_data/data/split_data/clikchouse_1.txt_bs
10.375
load data/jboss/test_data/data/split_data/clikchouse_1.txt_bs finished, ret code:2,used 10 s.
load data from file:/jboss/test_data/data/split_data/clikchouse_1.txt_bt
20.404
load data/jboss/test_data/data/split_data/clikchouse_1.txt_bt finished, ret code:2,used 21 s.
load data from file:/jboss/test_data/data/split_data/clikchouse_1.txt_bu
11.677
load data/jboss/test_data/data/split_data/clikchouse_1.txt_bu finished, ret code:2,used 12 s.
load data from file:/jboss/test_data/data/split_data/clikchouse_1.txt_bv
10.683
load data/jboss/test_data/data/split_data/clikchouse_1.txt_bv finished, ret code:2,used 10 s.
load data from file:/jboss/test_data/data/split_data/clikchouse_1.txt_bw
16.021
load data/jboss/test_data/data/split_data/clikchouse_1.txt_bw finished, ret code:2,used 16 s.
load data from file:/jboss/test_data/data/split_data/clikchouse_1.txt_bx
13.164
load data/jboss/test_data/data/split_data/clikchouse_1.txt_bx finished, ret code:2,used 14 s.
load data from file:/jboss/test_data/data/split_data/clikchouse_2.txt_aa
13.148
load data/jboss/test_data/data/split_data/clikchouse_2.txt_aa finished, ret code:2,used 13 s.
load data from file:/jboss/test_data/data/split_data/clikchouse_2.txt_ab
15.587
load data/jboss/test_data/data/split_data/clikchouse_2.txt_ab finished, ret code:2,used 16 s.
load data from file:/jboss/test_data/data/split_data/clikchouse_2.txt_ac
13.595
load data/jboss/test_data/data/split_data/clikchouse_2.txt_ac finished, ret code:2,used 13 s.
load data from file:/jboss/test_data/data/split_data/clikchouse_2.txt_ad
15.129
load data/jboss/test_data/data/split_data/clikchouse_2.txt_ad finished, ret code:2,used 16 s.
load data from file:/jboss/test_data/data/split_data/clikchouse_2.txt_ae
15.114
load data/jboss/test_data/data/split_data/clikchouse_2.txt_ae finished, ret code:2,used 15 s.
load data from file:/jboss/test_data/data/split_data/clikchouse_2.txt_af
11.696
load data/jboss/test_data/data/split_data/clikchouse_2.txt_af finished, ret code:2,used 12 s.
load data from file:/jboss/test_data/data/split_data/clikchouse_2.txt_ag
22.258
load data/jboss/test_data/data/split_data/clikchouse_2.txt_ag finished, ret code:2,used 22 s.
load data from file:/jboss/test_data/data/split_data/clikchouse_2.txt_ah
12.737
load data/jboss/test_data/data/split_data/clikchouse_2.txt_ah finished, ret code:2,used 13 s.
load data from file:/jboss/test_data/data/split_data/clikchouse_2.txt_ai
19.130
load data/jboss/test_data/data/split_data/clikchouse_2.txt_ai finished, ret code:2,used 19 s.
load data from file:/jboss/test_data/data/split_data/clikchouse_2.txt_aj
12.916
load data/jboss/test_data/data/split_data/clikchouse_2.txt_aj finished, ret code:2,used 13 s.
load data from file:/jboss/test_data/data/split_data/clikchouse_2.txt_ak
12.417
load data/jboss/test_data/data/split_data/clikchouse_2.txt_ak finished, ret code:2,used 13 s.
load data from file:/jboss/test_data/data/split_data/clikchouse_2.txt_al
16.354
load data/jboss/test_data/data/split_data/clikchouse_2.txt_al finished, ret code:2,used 16 s.
load data from file:/jboss/test_data/data/split_data/clikchouse_2.txt_am
12.402
load data/jboss/test_data/data/split_data/clikchouse_2.txt_am finished, ret code:2,used 12 s.
load data from file:/jboss/test_data/data/split_data/clikchouse_2.txt_an
14.188
load data/jboss/test_data/data/split_data/clikchouse_2.txt_an finished, ret code:2,used 15 s.
load data from file:/jboss/test_data/data/split_data/clikchouse_2.txt_ao
15.446
load data/jboss/test_data/data/split_data/clikchouse_2.txt_ao finished, ret code:2,used 15 s.
load data from file:/jboss/test_data/data/split_data/clikchouse_2.txt_ap
21.655
load data/jboss/test_data/data/split_data/clikchouse_2.txt_ap finished, ret code:2,used 22 s.
load data from file:/jboss/test_data/data/split_data/clikchouse_2.txt_aq
25.015
load data/jboss/test_data/data/split_data/clikchouse_2.txt_aq finished, ret code:2,used 25 s.
load data from file:/jboss/test_data/data/split_data/clikchouse_2.txt_ar
14.257
load data/jboss/test_data/data/split_data/clikchouse_2.txt_ar finished, ret code:2,used 14 s.
load data from file:/jboss/test_data/data/split_data/clikchouse_2.txt_as
9.909
load data/jboss/test_data/data/split_data/clikchouse_2.txt_as finished, ret code:2,used 10 s.
load data from file:/jboss/test_data/data/split_data/clikchouse_2.txt_at
20.450
load data/jboss/test_data/data/split_data/clikchouse_2.txt_at finished, ret code:2,used 21 s.
load data from file:/jboss/test_data/data/split_data/clikchouse_2.txt_au
15.447
load data/jboss/test_data/data/split_data/clikchouse_2.txt_au finished, ret code:2,used 15 s.
load data from file:/jboss/test_data/data/split_data/clikchouse_2.txt_av
15.414
load data/jboss/test_data/data/split_data/clikchouse_2.txt_av finished, ret code:2,used 16 s.
load data from file:/jboss/test_data/data/split_data/clikchouse_2.txt_aw
28.438
load data/jboss/test_data/data/split_data/clikchouse_2.txt_aw finished, ret code:2,used 29 s.
load data from file:/jboss/test_data/data/split_data/clikchouse_2.txt_ax
11.192
load data/jboss/test_data/data/split_data/clikchouse_2.txt_ax finished, ret code:2,used 11 s.
load data from file:/jboss/test_data/data/split_data/clikchouse_2.txt_ay
14.170
load data/jboss/test_data/data/split_data/clikchouse_2.txt_ay finished, ret code:2,used 14 s.
load data from file:/jboss/test_data/data/split_data/clikchouse_2.txt_az
20.623
load data/jboss/test_data/data/split_data/clikchouse_2.txt_az finished, ret code:2,used 21 s.
load data from file:/jboss/test_data/data/split_data/clikchouse_2.txt_ba
10.665
load data/jboss/test_data/data/split_data/clikchouse_2.txt_ba finished, ret code:2,used 11 s.
load data from file:/jboss/test_data/data/split_data/clikchouse_2.txt_bb
24.393
load data/jboss/test_data/data/split_data/clikchouse_2.txt_bb finished, ret code:2,used 24 s.
load data from file:/jboss/test_data/data/split_data/clikchouse_2.txt_bc
14.442
load data/jboss/test_data/data/split_data/clikchouse_2.txt_bc finished, ret code:2,used 15 s.
load data from file:/jboss/test_data/data/split_data/clikchouse_2.txt_bd
19.691
load data/jboss/test_data/data/split_data/clikchouse_2.txt_bd finished, ret code:2,used 19 s.
load data from file:/jboss/test_data/data/split_data/clikchouse_2.txt_be
20.446
load data/jboss/test_data/data/split_data/clikchouse_2.txt_be finished, ret code:2,used 21 s.
load data from file:/jboss/test_data/data/split_data/clikchouse_2.txt_bf
13.591
load data/jboss/test_data/data/split_data/clikchouse_2.txt_bf finished, ret code:2,used 14 s.
load data from file:/jboss/test_data/data/split_data/clikchouse_2.txt_bg
15.455
load data/jboss/test_data/data/split_data/clikchouse_2.txt_bg finished, ret code:2,used 15 s.
load data from file:/jboss/test_data/data/split_data/clikchouse_2.txt_bh
10.699
load data/jboss/test_data/data/split_data/clikchouse_2.txt_bh finished, ret code:2,used 11 s.
load data from file:/jboss/test_data/data/split_data/clikchouse_2.txt_bi
13.182
load data/jboss/test_data/data/split_data/clikchouse_2.txt_bi finished, ret code:2,used 13 s.
load data from file:/jboss/test_data/data/split_data/clikchouse_2.txt_bj
26.390
load data/jboss/test_data/data/split_data/clikchouse_2.txt_bj finished, ret code:2,used 27 s.
load data from file:/jboss/test_data/data/split_data/clikchouse_2.txt_bk
10.760
load data/jboss/test_data/data/split_data/clikchouse_2.txt_bk finished, ret code:2,used 11 s.
load data from file:/jboss/test_data/data/split_data/clikchouse_2.txt_bl
15.353
load data/jboss/test_data/data/split_data/clikchouse_2.txt_bl finished, ret code:2,used 15 s.
load data from file:/jboss/test_data/data/split_data/clikchouse_2.txt_bm
29.944
load data/jboss/test_data/data/split_data/clikchouse_2.txt_bm finished, ret code:2,used 30 s.
load data from file:/jboss/test_data/data/split_data/clikchouse_2.txt_bn
10.196
load data/jboss/test_data/data/split_data/clikchouse_2.txt_bn finished, ret code:2,used 10 s.
load data from file:/jboss/test_data/data/split_data/clikchouse_2.txt_bo
26.958
load data/jboss/test_data/data/split_data/clikchouse_2.txt_bo finished, ret code:2,used 27 s.
load data from file:/jboss/test_data/data/split_data/clikchouse_2.txt_bp
10.301
load data/jboss/test_data/data/split_data/clikchouse_2.txt_bp finished, ret code:2,used 11 s.
load data from file:/jboss/test_data/data/split_data/clikchouse_2.txt_bq
14.885
load data/jboss/test_data/data/split_data/clikchouse_2.txt_bq finished, ret code:2,used 15 s.
load data from file:/jboss/test_data/data/split_data/clikchouse_2.txt_br
13.440
load data/jboss/test_data/data/split_data/clikchouse_2.txt_br finished, ret code:2,used 13 s.
load data from file:/jboss/test_data/data/split_data/clikchouse_2.txt_bs
25.305
load data/jboss/test_data/data/split_data/clikchouse_2.txt_bs finished, ret code:2,used 26 s.
load data from file:/jboss/test_data/data/split_data/clikchouse_2.txt_bt
18.751
load data/jboss/test_data/data/split_data/clikchouse_2.txt_bt finished, ret code:2,used 19 s.
load data from file:/jboss/test_data/data/split_data/clikchouse_2.txt_bu
18.582
load data/jboss/test_data/data/split_data/clikchouse_2.txt_bu finished, ret code:2,used 18 s.
load data from file:/jboss/test_data/data/split_data/clikchouse_2.txt_bv
12.196
load data/jboss/test_data/data/split_data/clikchouse_2.txt_bv finished, ret code:2,used 13 s.
load data from file:/jboss/test_data/data/split_data/clikchouse_2.txt_bw
13.049
load data/jboss/test_data/data/split_data/clikchouse_2.txt_bw finished, ret code:2,used 13 s.
load data from file:/jboss/test_data/data/split_data/clikchouse_2.txt_bx
11.708
load data/jboss/test_data/data/split_data/clikchouse_2.txt_bx finished, ret code:2,used 12 s.
load data from file:/jboss/test_data/data/split_data/clikchouse_3.txt_aa
11.661
load data/jboss/test_data/data/split_data/clikchouse_3.txt_aa finished, ret code:2,used 11 s.
load data from file:/jboss/test_data/data/split_data/clikchouse_3.txt_ab
12.498
load data/jboss/test_data/data/split_data/clikchouse_3.txt_ab finished, ret code:2,used 13 s.
load data from file:/jboss/test_data/data/split_data/clikchouse_3.txt_ac
11.662
load data/jboss/test_data/data/split_data/clikchouse_3.txt_ac finished, ret code:2,used 12 s.
load data from file:/jboss/test_data/data/split_data/clikchouse_3.txt_ad
14.133
load data/jboss/test_data/data/split_data/clikchouse_3.txt_ad finished, ret code:2,used 14 s.
load data from file:/jboss/test_data/data/split_data/clikchouse_3.txt_ae
12.250
load data/jboss/test_data/data/split_data/clikchouse_3.txt_ae finished, ret code:2,used 12 s.
load data from file:/jboss/test_data/data/split_data/clikchouse_3.txt_af
10.734
load data/jboss/test_data/data/split_data/clikchouse_3.txt_af finished, ret code:2,used 11 s.
load data from file:/jboss/test_data/data/split_data/clikchouse_3.txt_ag
13.117
load data/jboss/test_data/data/split_data/clikchouse_3.txt_ag finished, ret code:2,used 13 s.
load data from file:/jboss/test_data/data/split_data/clikchouse_3.txt_ah
10.630
load data/jboss/test_data/data/split_data/clikchouse_3.txt_ah finished, ret code:2,used 11 s.
load data from file:/jboss/test_data/data/split_data/clikchouse_3.txt_ai
16.529
load data/jboss/test_data/data/split_data/clikchouse_3.txt_ai finished, ret code:2,used 17 s.
load data from file:/jboss/test_data/data/split_data/clikchouse_3.txt_aj
11.749
load data/jboss/test_data/data/split_data/clikchouse_3.txt_aj finished, ret code:2,used 12 s.
load data from file:/jboss/test_data/data/split_data/clikchouse_3.txt_ak
9.555
load data/jboss/test_data/data/split_data/clikchouse_3.txt_ak finished, ret code:2,used 9 s.
load data from file:/jboss/test_data/data/split_data/clikchouse_3.txt_al
15.115
load data/jboss/test_data/data/split_data/clikchouse_3.txt_al finished, ret code:2,used 15 s.
load data from file:/jboss/test_data/data/split_data/clikchouse_3.txt_am
11.901
load data/jboss/test_data/data/split_data/clikchouse_3.txt_am finished, ret code:2,used 12 s.
load data from file:/jboss/test_data/data/split_data/clikchouse_3.txt_an
10.974
load data/jboss/test_data/data/split_data/clikchouse_3.txt_an finished, ret code:2,used 12 s.
load data from file:/jboss/test_data/data/split_data/clikchouse_3.txt_ao
22.814
load data/jboss/test_data/data/split_data/clikchouse_3.txt_ao finished, ret code:2,used 22 s.
load data from file:/jboss/test_data/data/split_data/clikchouse_3.txt_ap
9.747
load data/jboss/test_data/data/split_data/clikchouse_3.txt_ap finished, ret code:2,used 10 s.
load data from file:/jboss/test_data/data/split_data/clikchouse_3.txt_aq
15.873
load data/jboss/test_data/data/split_data/clikchouse_3.txt_aq finished, ret code:2,used 16 s.
load data from file:/jboss/test_data/data/split_data/clikchouse_3.txt_ar
9.927
load data/jboss/test_data/data/split_data/clikchouse_3.txt_ar finished, ret code:2,used 10 s.
load data from file:/jboss/test_data/data/split_data/clikchouse_3.txt_as
10.959
load data/jboss/test_data/data/split_data/clikchouse_3.txt_as finished, ret code:2,used 11 s.
load data from file:/jboss/test_data/data/split_data/clikchouse_3.txt_at
16.169
load data/jboss/test_data/data/split_data/clikchouse_3.txt_at finished, ret code:2,used 17 s.
load data from file:/jboss/test_data/data/split_data/clikchouse_3.txt_au
11.033
load data/jboss/test_data/data/split_data/clikchouse_3.txt_au finished, ret code:2,used 11 s.
load data from file:/jboss/test_data/data/split_data/clikchouse_3.txt_av
10.101
load data/jboss/test_data/data/split_data/clikchouse_3.txt_av finished, ret code:2,used 10 s.
load data from file:/jboss/test_data/data/split_data/clikchouse_3.txt_aw
16.140
load data/jboss/test_data/data/split_data/clikchouse_3.txt_aw finished, ret code:2,used 16 s.
load data from file:/jboss/test_data/data/split_data/clikchouse_3.txt_ax
9.498
load data/jboss/test_data/data/split_data/clikchouse_3.txt_ax finished, ret code:2,used 10 s.
load data from file:/jboss/test_data/data/split_data/clikchouse_3.txt_ay
17.315
load data/jboss/test_data/data/split_data/clikchouse_3.txt_ay finished, ret code:2,used 17 s.
load data from file:/jboss/test_data/data/split_data/clikchouse_3.txt_az
9.796
load data/jboss/test_data/data/split_data/clikchouse_3.txt_az finished, ret code:2,used 10 s.
load data from file:/jboss/test_data/data/split_data/clikchouse_3.txt_ba
10.454
load data/jboss/test_data/data/split_data/clikchouse_3.txt_ba finished, ret code:2,used 11 s.
load data from file:/jboss/test_data/data/split_data/clikchouse_3.txt_bb
24.659
load data/jboss/test_data/data/split_data/clikchouse_3.txt_bb finished, ret code:2,used 25 s.
load data from file:/jboss/test_data/data/split_data/clikchouse_3.txt_bc
12.654
load data/jboss/test_data/data/split_data/clikchouse_3.txt_bc finished, ret code:2,used 12 s.
load data from file:/jboss/test_data/data/split_data/clikchouse_3.txt_bd
18.283
load data/jboss/test_data/data/split_data/clikchouse_3.txt_bd finished, ret code:2,used 19 s.
load data from file:/jboss/test_data/data/split_data/clikchouse_3.txt_be
12.841
load data/jboss/test_data/data/split_data/clikchouse_3.txt_be finished, ret code:2,used 13 s.
load data from file:/jboss/test_data/data/split_data/clikchouse_3.txt_bf
11.435
load data/jboss/test_data/data/split_data/clikchouse_3.txt_bf finished, ret code:2,used 11 s.
load data from file:/jboss/test_data/data/split_data/clikchouse_3.txt_bg
15.239
load data/jboss/test_data/data/split_data/clikchouse_3.txt_bg finished, ret code:2,used 16 s.
load data from file:/jboss/test_data/data/split_data/clikchouse_3.txt_bh
10.518
load data/jboss/test_data/data/split_data/clikchouse_3.txt_bh finished, ret code:2,used 10 s.
load data from file:/jboss/test_data/data/split_data/clikchouse_3.txt_bi
12.390
load data/jboss/test_data/data/split_data/clikchouse_3.txt_bi finished, ret code:2,used 13 s.
load data from file:/jboss/test_data/data/split_data/clikchouse_3.txt_bj
19.779
load data/jboss/test_data/data/split_data/clikchouse_3.txt_bj finished, ret code:2,used 20 s.
load data from file:/jboss/test_data/data/split_data/clikchouse_3.txt_bk
11.324
load data/jboss/test_data/data/split_data/clikchouse_3.txt_bk finished, ret code:2,used 11 s.
load data from file:/jboss/test_data/data/split_data/clikchouse_3.txt_bl
18.096
load data/jboss/test_data/data/split_data/clikchouse_3.txt_bl finished, ret code:2,used 18 s.
load data from file:/jboss/test_data/data/split_data/clikchouse_3.txt_bm
14.570
load data/jboss/test_data/data/split_data/clikchouse_3.txt_bm finished, ret code:2,used 15 s.
load data from file:/jboss/test_data/data/split_data/clikchouse_3.txt_bn
11.597
load data/jboss/test_data/data/split_data/clikchouse_3.txt_bn finished, ret code:2,used 12 s.
load data from file:/jboss/test_data/data/split_data/clikchouse_3.txt_bo
21.996
load data/jboss/test_data/data/split_data/clikchouse_3.txt_bo finished, ret code:2,used 22 s.
load data from file:/jboss/test_data/data/split_data/clikchouse_3.txt_bp
11.580
load data/jboss/test_data/data/split_data/clikchouse_3.txt_bp finished, ret code:2,used 12 s.
load data from file:/jboss/test_data/data/split_data/clikchouse_3.txt_bq
19.934
load data/jboss/test_data/data/split_data/clikchouse_3.txt_bq finished, ret code:2,used 20 s.
load data from file:/jboss/test_data/data/split_data/clikchouse_3.txt_br
14.454
load data/jboss/test_data/data/split_data/clikchouse_3.txt_br finished, ret code:2,used 14 s.
load data from file:/jboss/test_data/data/split_data/clikchouse_3.txt_bs
11.746
load data/jboss/test_data/data/split_data/clikchouse_3.txt_bs finished, ret code:2,used 12 s.
load data from file:/jboss/test_data/data/split_data/clikchouse_3.txt_bt
19.556
load data/jboss/test_data/data/split_data/clikchouse_3.txt_bt finished, ret code:2,used 20 s.
load data from file:/jboss/test_data/data/split_data/clikchouse_3.txt_bu
20.759
load data/jboss/test_data/data/split_data/clikchouse_3.txt_bu finished, ret code:2,used 21 s.
load data from file:/jboss/test_data/data/split_data/clikchouse_3.txt_bv
9.956
load data/jboss/test_data/data/split_data/clikchouse_3.txt_bv finished, ret code:2,used 10 s.
load data from file:/jboss/test_data/data/split_data/clikchouse_3.txt_bw
13.898
load data/jboss/test_data/data/split_data/clikchouse_3.txt_bw finished, ret code:2,used 14 s.
load data from file:/jboss/test_data/data/split_data/clikchouse_3.txt_bx
11.603
load data/jboss/test_data/data/split_data/clikchouse_3.txt_bx finished, ret code:2,used 11 s.
load data from file:/jboss/test_data/data/split_data/clikchouse_4.txt_aa
10.006
load data/jboss/test_data/data/split_data/clikchouse_4.txt_aa finished, ret code:2,used 11 s.
load data from file:/jboss/test_data/data/split_data/clikchouse_4.txt_ab
14.474
load data/jboss/test_data/data/split_data/clikchouse_4.txt_ab finished, ret code:2,used 14 s.
load data from file:/jboss/test_data/data/split_data/clikchouse_4.txt_ac
10.014
load data/jboss/test_data/data/split_data/clikchouse_4.txt_ac finished, ret code:2,used 10 s.
load data from file:/jboss/test_data/data/split_data/clikchouse_4.txt_ad
19.716
load data/jboss/test_data/data/split_data/clikchouse_4.txt_ad finished, ret code:2,used 20 s.
load data from file:/jboss/test_data/data/split_data/clikchouse_4.txt_ae
11.522
load data/jboss/test_data/data/split_data/clikchouse_4.txt_ae finished, ret code:2,used 12 s.
load data from file:/jboss/test_data/data/split_data/clikchouse_4.txt_af
11.577
load data/jboss/test_data/data/split_data/clikchouse_4.txt_af finished, ret code:2,used 12 s.
load data from file:/jboss/test_data/data/split_data/clikchouse_4.txt_ag
20.235
load data/jboss/test_data/data/split_data/clikchouse_4.txt_ag finished, ret code:2,used 20 s.
load data from file:/jboss/test_data/data/split_data/clikchouse_4.txt_ah
11.204
load data/jboss/test_data/data/split_data/clikchouse_4.txt_ah finished, ret code:2,used 11 s.
load data from file:/jboss/test_data/data/split_data/clikchouse_4.txt_ai
15.991
load data/jboss/test_data/data/split_data/clikchouse_4.txt_ai finished, ret code:2,used 16 s.
load data from file:/jboss/test_data/data/split_data/clikchouse_4.txt_aj
16.068
load data/jboss/test_data/data/split_data/clikchouse_4.txt_aj finished, ret code:2,used 17 s.
load data from file:/jboss/test_data/data/split_data/clikchouse_4.txt_ak
20.155
load data/jboss/test_data/data/split_data/clikchouse_4.txt_ak finished, ret code:2,used 20 s.
load data from file:/jboss/test_data/data/split_data/clikchouse_4.txt_al
23.689
load data/jboss/test_data/data/split_data/clikchouse_4.txt_al finished, ret code:2,used 24 s.
load data from file:/jboss/test_data/data/split_data/clikchouse_4.txt_am
12.363
load data/jboss/test_data/data/split_data/clikchouse_4.txt_am finished, ret code:2,used 12 s.
load data from file:/jboss/test_data/data/split_data/clikchouse_4.txt_an
10.854
load data/jboss/test_data/data/split_data/clikchouse_4.txt_an finished, ret code:2,used 11 s.
load data from file:/jboss/test_data/data/split_data/clikchouse_4.txt_ao
16.394
load data/jboss/test_data/data/split_data/clikchouse_4.txt_ao finished, ret code:2,used 16 s.
load data from file:/jboss/test_data/data/split_data/clikchouse_4.txt_ap
24.152
load data/jboss/test_data/data/split_data/clikchouse_4.txt_ap finished, ret code:2,used 25 s.
load data from file:/jboss/test_data/data/split_data/clikchouse_4.txt_aq
19.699
load data/jboss/test_data/data/split_data/clikchouse_4.txt_aq finished, ret code:2,used 20 s.
load data from file:/jboss/test_data/data/split_data/clikchouse_4.txt_ar
15.362
load data/jboss/test_data/data/split_data/clikchouse_4.txt_ar finished, ret code:2,used 15 s.
load data from file:/jboss/test_data/data/split_data/clikchouse_4.txt_as
15.298
load data/jboss/test_data/data/split_data/clikchouse_4.txt_as finished, ret code:2,used 15 s.
load data from file:/jboss/test_data/data/split_data/clikchouse_4.txt_at
15.011
load data/jboss/test_data/data/split_data/clikchouse_4.txt_at finished, ret code:2,used 16 s.
load data from file:/jboss/test_data/data/split_data/clikchouse_4.txt_au
23.785
load data/jboss/test_data/data/split_data/clikchouse_4.txt_au finished, ret code:2,used 23 s.
load data from file:/jboss/test_data/data/split_data/clikchouse_4.txt_av
12.630
load data/jboss/test_data/data/split_data/clikchouse_4.txt_av finished, ret code:2,used 13 s.
load data from file:/jboss/test_data/data/split_data/clikchouse_4.txt_aw
24.269
load data/jboss/test_data/data/split_data/clikchouse_4.txt_aw finished, ret code:2,used 25 s.
load data from file:/jboss/test_data/data/split_data/clikchouse_4.txt_ax
17.816
load data/jboss/test_data/data/split_data/clikchouse_4.txt_ax finished, ret code:2,used 17 s.
load data from file:/jboss/test_data/data/split_data/clikchouse_4.txt_ay
19.124
load data/jboss/test_data/data/split_data/clikchouse_4.txt_ay finished, ret code:2,used 20 s.
load data from file:/jboss/test_data/data/split_data/clikchouse_4.txt_az
17.350
load data/jboss/test_data/data/split_data/clikchouse_4.txt_az finished, ret code:2,used 17 s.
load data from file:/jboss/test_data/data/split_data/clikchouse_4.txt_ba
15.261
load data/jboss/test_data/data/split_data/clikchouse_4.txt_ba finished, ret code:2,used 16 s.
load data from file:/jboss/test_data/data/split_data/clikchouse_4.txt_bb
21.743
load data/jboss/test_data/data/split_data/clikchouse_4.txt_bb finished, ret code:2,used 21 s.
load data from file:/jboss/test_data/data/split_data/clikchouse_4.txt_bc
13.887
load data/jboss/test_data/data/split_data/clikchouse_4.txt_bc finished, ret code:2,used 14 s.
load data from file:/jboss/test_data/data/split_data/clikchouse_4.txt_bd
18.144
load data/jboss/test_data/data/split_data/clikchouse_4.txt_bd finished, ret code:2,used 19 s.
load data from file:/jboss/test_data/data/split_data/clikchouse_4.txt_be
12.146
load data/jboss/test_data/data/split_data/clikchouse_4.txt_be finished, ret code:2,used 12 s.
load data from file:/jboss/test_data/data/split_data/clikchouse_4.txt_bf
16.968
load data/jboss/test_data/data/split_data/clikchouse_4.txt_bf finished, ret code:2,used 17 s.
load data from file:/jboss/test_data/data/split_data/clikchouse_4.txt_bg
25.167
load data/jboss/test_data/data/split_data/clikchouse_4.txt_bg finished, ret code:2,used 25 s.
load data from file:/jboss/test_data/data/split_data/clikchouse_4.txt_bh
23.617
load data/jboss/test_data/data/split_data/clikchouse_4.txt_bh finished, ret code:2,used 24 s.
load data from file:/jboss/test_data/data/split_data/clikchouse_4.txt_bi
11.867
load data/jboss/test_data/data/split_data/clikchouse_4.txt_bi finished, ret code:2,used 12 s.
load data from file:/jboss/test_data/data/split_data/clikchouse_4.txt_bj
22.992
load data/jboss/test_data/data/split_data/clikchouse_4.txt_bj finished, ret code:2,used 23 s.
load data from file:/jboss/test_data/data/split_data/clikchouse_4.txt_bk
16.916
load data/jboss/test_data/data/split_data/clikchouse_4.txt_bk finished, ret code:2,used 17 s.
load data from file:/jboss/test_data/data/split_data/clikchouse_4.txt_bl
20.730
load data/jboss/test_data/data/split_data/clikchouse_4.txt_bl finished, ret code:2,used 21 s.
load data from file:/jboss/test_data/data/split_data/clikchouse_4.txt_bm
27.270
load data/jboss/test_data/data/split_data/clikchouse_4.txt_bm finished, ret code:2,used 27 s.
load data from file:/jboss/test_data/data/split_data/clikchouse_4.txt_bn
12.223
load data/jboss/test_data/data/split_data/clikchouse_4.txt_bn finished, ret code:2,used 12 s.
load data from file:/jboss/test_data/data/split_data/clikchouse_4.txt_bo
12.251
load data/jboss/test_data/data/split_data/clikchouse_4.txt_bo finished, ret code:2,used 13 s.
load data from file:/jboss/test_data/data/split_data/clikchouse_4.txt_bp
21.218
load data/jboss/test_data/data/split_data/clikchouse_4.txt_bp finished, ret code:2,used 21 s.
load data from file:/jboss/test_data/data/split_data/clikchouse_4.txt_bq
14.937
load data/jboss/test_data/data/split_data/clikchouse_4.txt_bq finished, ret code:2,used 15 s.
load data from file:/jboss/test_data/data/split_data/clikchouse_4.txt_br
16.207
load data/jboss/test_data/data/split_data/clikchouse_4.txt_br finished, ret code:2,used 17 s.
load data from file:/jboss/test_data/data/split_data/clikchouse_4.txt_bs
12.579
load data/jboss/test_data/data/split_data/clikchouse_4.txt_bs finished, ret code:2,used 12 s.
load data from file:/jboss/test_data/data/split_data/clikchouse_4.txt_bt
20.008
load data/jboss/test_data/data/split_data/clikchouse_4.txt_bt finished, ret code:2,used 20 s.
load data from file:/jboss/test_data/data/split_data/clikchouse_4.txt_bu
11.891
load data/jboss/test_data/data/split_data/clikchouse_4.txt_bu finished, ret code:2,used 12 s.
load data from file:/jboss/test_data/data/split_data/clikchouse_4.txt_bv
9.980
load data/jboss/test_data/data/split_data/clikchouse_4.txt_bv finished, ret code:2,used 10 s.
load data from file:/jboss/test_data/data/split_data/clikchouse_4.txt_bw
13.626
load data/jboss/test_data/data/split_data/clikchouse_4.txt_bw finished, ret code:2,used 14 s.
load data from file:/jboss/test_data/data/split_data/clikchouse_4.txt_bx
10.476
load data/jboss/test_data/data/split_data/clikchouse_4.txt_bx finished, ret code:2,used 11 s.
load data from file:/jboss/test_data/data/split_data/clikchouse_5.txt_aa
11.777
load data/jboss/test_data/data/split_data/clikchouse_5.txt_aa finished, ret code:2,used 12 s.
load data from file:/jboss/test_data/data/split_data/clikchouse_5.txt_ab
14.366
load data/jboss/test_data/data/split_data/clikchouse_5.txt_ab finished, ret code:2,used 14 s.
load data from file:/jboss/test_data/data/split_data/clikchouse_5.txt_ac
10.789
load data/jboss/test_data/data/split_data/clikchouse_5.txt_ac finished, ret code:2,used 11 s.
load data from file:/jboss/test_data/data/split_data/clikchouse_5.txt_ad
15.074
load data/jboss/test_data/data/split_data/clikchouse_5.txt_ad finished, ret code:2,used 15 s.
load data from file:/jboss/test_data/data/split_data/clikchouse_5.txt_ae
10.455
load data/jboss/test_data/data/split_data/clikchouse_5.txt_ae finished, ret code:2,used 11 s.
load data from file:/jboss/test_data/data/split_data/clikchouse_5.txt_af
10.138
load data/jboss/test_data/data/split_data/clikchouse_5.txt_af finished, ret code:2,used 10 s.
load data from file:/jboss/test_data/data/split_data/clikchouse_5.txt_ag
14.440
load data/jboss/test_data/data/split_data/clikchouse_5.txt_ag finished, ret code:2,used 15 s.
load data from file:/jboss/test_data/data/split_data/clikchouse_5.txt_ah
12.365
load data/jboss/test_data/data/split_data/clikchouse_5.txt_ah finished, ret code:2,used 12 s.
load data from file:/jboss/test_data/data/split_data/clikchouse_5.txt_ai
14.236
load data/jboss/test_data/data/split_data/clikchouse_5.txt_ai finished, ret code:2,used 14 s.
load data from file:/jboss/test_data/data/split_data/clikchouse_5.txt_aj
18.333
load data/jboss/test_data/data/split_data/clikchouse_5.txt_aj finished, ret code:2,used 19 s.
load data from file:/jboss/test_data/data/split_data/clikchouse_5.txt_ak
9.978
load data/jboss/test_data/data/split_data/clikchouse_5.txt_ak finished, ret code:2,used 10 s.
load data from file:/jboss/test_data/data/split_data/clikchouse_5.txt_al
15.742
load data/jboss/test_data/data/split_data/clikchouse_5.txt_al finished, ret code:2,used 16 s.
load data from file:/jboss/test_data/data/split_data/clikchouse_5.txt_am
9.414
load data/jboss/test_data/data/split_data/clikchouse_5.txt_am finished, ret code:2,used 9 s.
load data from file:/jboss/test_data/data/split_data/clikchouse_5.txt_an
20.351
load data/jboss/test_data/data/split_data/clikchouse_5.txt_an finished, ret code:2,used 21 s.
load data from file:/jboss/test_data/data/split_data/clikchouse_5.txt_ao
14.186
load data/jboss/test_data/data/split_data/clikchouse_5.txt_ao finished, ret code:2,used 14 s.
load data from file:/jboss/test_data/data/split_data/clikchouse_5.txt_ap
11.693
load data/jboss/test_data/data/split_data/clikchouse_5.txt_ap finished, ret code:2,used 12 s.
load data from file:/jboss/test_data/data/split_data/clikchouse_5.txt_aq
14.989
load data/jboss/test_data/data/split_data/clikchouse_5.txt_aq finished, ret code:2,used 15 s.
load data from file:/jboss/test_data/data/split_data/clikchouse_5.txt_ar
11.125
load data/jboss/test_data/data/split_data/clikchouse_5.txt_ar finished, ret code:2,used 11 s.
load data from file:/jboss/test_data/data/split_data/clikchouse_5.txt_as
10.109
load data/jboss/test_data/data/split_data/clikchouse_5.txt_as finished, ret code:2,used 10 s.
load data from file:/jboss/test_data/data/split_data/clikchouse_5.txt_at
14.913
load data/jboss/test_data/data/split_data/clikchouse_5.txt_at finished, ret code:2,used 15 s.
load data from file:/jboss/test_data/data/split_data/clikchouse_5.txt_au
9.411
load data/jboss/test_data/data/split_data/clikchouse_5.txt_au finished, ret code:2,used 10 s.
load data from file:/jboss/test_data/data/split_data/clikchouse_5.txt_av
11.534
load data/jboss/test_data/data/split_data/clikchouse_5.txt_av finished, ret code:2,used 11 s.
load data from file:/jboss/test_data/data/split_data/clikchouse_5.txt_aw
15.177
load data/jboss/test_data/data/split_data/clikchouse_5.txt_aw finished, ret code:2,used 16 s.
load data from file:/jboss/test_data/data/split_data/clikchouse_5.txt_ax
12.617
load data/jboss/test_data/data/split_data/clikchouse_5.txt_ax finished, ret code:2,used 13 s.
load data from file:/jboss/test_data/data/split_data/clikchouse_5.txt_ay
18.080
load data/jboss/test_data/data/split_data/clikchouse_5.txt_ay finished, ret code:2,used 18 s.
load data from file:/jboss/test_data/data/split_data/clikchouse_5.txt_az
11.695
load data/jboss/test_data/data/split_data/clikchouse_5.txt_az finished, ret code:2,used 11 s.
load data from file:/jboss/test_data/data/split_data/clikchouse_5.txt_ba
14.952
load data/jboss/test_data/data/split_data/clikchouse_5.txt_ba finished, ret code:2,used 16 s.
load data from file:/jboss/test_data/data/split_data/clikchouse_5.txt_bb
17.521
load data/jboss/test_data/data/split_data/clikchouse_5.txt_bb finished, ret code:2,used 17 s.
load data from file:/jboss/test_data/data/split_data/clikchouse_5.txt_bc
9.411
load data/jboss/test_data/data/split_data/clikchouse_5.txt_bc finished, ret code:2,used 10 s.
load data from file:/jboss/test_data/data/split_data/clikchouse_5.txt_bd
15.645
load data/jboss/test_data/data/split_data/clikchouse_5.txt_bd finished, ret code:2,used 15 s.
load data from file:/jboss/test_data/data/split_data/clikchouse_5.txt_be
10.007
load data/jboss/test_data/data/split_data/clikchouse_5.txt_be finished, ret code:2,used 11 s.
load data from file:/jboss/test_data/data/split_data/clikchouse_5.txt_bf
10.816
load data/jboss/test_data/data/split_data/clikchouse_5.txt_bf finished, ret code:2,used 10 s.
load data from file:/jboss/test_data/data/split_data/clikchouse_5.txt_bg
19.658
load data/jboss/test_data/data/split_data/clikchouse_5.txt_bg finished, ret code:2,used 20 s.
load data from file:/jboss/test_data/data/split_data/clikchouse_5.txt_bh
11.031
load data/jboss/test_data/data/split_data/clikchouse_5.txt_bh finished, ret code:2,used 11 s.
load data from file:/jboss/test_data/data/split_data/clikchouse_5.txt_bi
18.296
load data/jboss/test_data/data/split_data/clikchouse_5.txt_bi finished, ret code:2,used 19 s.
load data from file:/jboss/test_data/data/split_data/clikchouse_5.txt_bj
12.665
load data/jboss/test_data/data/split_data/clikchouse_5.txt_bj finished, ret code:2,used 13 s.
load data from file:/jboss/test_data/data/split_data/clikchouse_5.txt_bk
9.332
load data/jboss/test_data/data/split_data/clikchouse_5.txt_bk finished, ret code:2,used 9 s.
load data from file:/jboss/test_data/data/split_data/clikchouse_5.txt_bl
12.920
load data/jboss/test_data/data/split_data/clikchouse_5.txt_bl finished, ret code:2,used 13 s.
load data from file:/jboss/test_data/data/split_data/clikchouse_5.txt_bm
11.526
load data/jboss/test_data/data/split_data/clikchouse_5.txt_bm finished, ret code:2,used 12 s.
load data from file:/jboss/test_data/data/split_data/clikchouse_5.txt_bn
15.576
load data/jboss/test_data/data/split_data/clikchouse_5.txt_bn finished, ret code:2,used 15 s.
load data from file:/jboss/test_data/data/split_data/clikchouse_5.txt_bo
23.696
load data/jboss/test_data/data/split_data/clikchouse_5.txt_bo finished, ret code:2,used 24 s.
load data from file:/jboss/test_data/data/split_data/clikchouse_5.txt_bp
12.384
load data/jboss/test_data/data/split_data/clikchouse_5.txt_bp finished, ret code:2,used 13 s.
load data from file:/jboss/test_data/data/split_data/clikchouse_5.txt_bq
9.559
load data/jboss/test_data/data/split_data/clikchouse_5.txt_bq finished, ret code:2,used 9 s.
load data from file:/jboss/test_data/data/split_data/clikchouse_5.txt_br
13.119
load data/jboss/test_data/data/split_data/clikchouse_5.txt_br finished, ret code:2,used 13 s.
load data from file:/jboss/test_data/data/split_data/clikchouse_5.txt_bs
18.711
load data/jboss/test_data/data/split_data/clikchouse_5.txt_bs finished, ret code:2,used 19 s.
load data from file:/jboss/test_data/data/split_data/clikchouse_5.txt_bt
20.283
load data/jboss/test_data/data/split_data/clikchouse_5.txt_bt finished, ret code:2,used 21 s.
load data from file:/jboss/test_data/data/split_data/clikchouse_5.txt_bu
14.352
load data/jboss/test_data/data/split_data/clikchouse_5.txt_bu finished, ret code:2,used 14 s.
load data from file:/jboss/test_data/data/split_data/clikchouse_5.txt_bv
13.557
load data/jboss/test_data/data/split_data/clikchouse_5.txt_bv finished, ret code:2,used 14 s.
load data from file:/jboss/test_data/data/split_data/clikchouse_5.txt_bw
14.490
load data/jboss/test_data/data/split_data/clikchouse_5.txt_bw finished, ret code:2,used 14 s.
load data from file:/jboss/test_data/data/split_data/clikchouse_5.txt_bx
11.770
load data/jboss/test_data/data/split_data/clikchouse_5.txt_bx finished, ret code:2,used 12 s.
all data in path /jboss/test_data/data/split_data loaded finished, used 3698 s.
